[+] Containers:
 |- [+] Container: /Game/FirstPerson/Maps/FirstPersonMap
 |   |- [+] ActorDescs:
 |   |   |- Guid:0022AEBD405D59E56405B8867A93F835 BaseClass: NativeClass:/Script/Engine.StaticMeshActor Name:StaticMeshActor_UAID_3C7C3FBE881A281E02_1170199222 Label:3_levels_connected_by_spiral_staircase9 SpatiallyLoaded:1 Bounds:IsValid=true, Min=(X=-470.000 Y=-129.040 Z=14410.000), Max=(X=3530.000 Y=3849.040 Z=16420.000) RuntimeGrid:None EditorOnly:0 RuntimeOnly:0 HLODRelevant:1
 |   |   |- Guid:002A26AF47E284BAFB59E6BD7834E380 BaseClass: NativeClass:/Script/Engine.StaticMeshActor Name:StaticMeshActor_UAID_3C7C3FBE881AC41902_2057012397 Label:Cylinder2 SpatiallyLoaded:1 Bounds:IsValid=true, Min=(X=840.000 Y=1190.000 Z=4410.000), Max=(X=2220.000 Y=2570.000 Z=4410.000) RuntimeGrid:None EditorOnly:0 RuntimeOnly:0 HLODRelevant:1
 |   |   |- Guid:06E14AA643F9341731DC9697FD52FA31 BaseClass: NativeClass:/Script/Engine.StaticMeshActor Name:StaticMeshActor_UAID_3C7C3FBE881A281E02_1170198221 Label:Cylinder5 SpatiallyLoaded:1 Bounds:IsValid=true, Min=(X=840.000 Y=1190.000 Z=19400.000), Max=(X=2220.000 Y=2570.000 Z=19400.000) RuntimeGrid:None EditorOnly:0 RuntimeOnly:0 HLODRelevant:1
 |   |   |- Guid:19F539224553BE3B25BDE5948D311574 BaseClass: NativeClass:/Script/Engine.StaticMeshActor Name:StaticMeshActor_UAID_3C7C3FBE881A281E02_1170197218 Label:3_levels_connected_by_spiral_staircase7 SpatiallyLoaded:1 Bounds:IsValid=true, Min=(X=-470.000 Y=-129.040 Z=16410.000), Max=(X=3530.000 Y=3849.040 Z=18420.000) RuntimeGrid:None EditorOnly:0 RuntimeOnly:0 HLODRelevant:1
 |   |   |- Guid:1E01FB8E4EE10E4121FCB6A959ADEC0E BaseClass: NativeClass:/Script/Engine.StaticMeshActor Name:StaticMeshActor_UAID_3C7C3FBE881AC31902_2115473216 Label:3_levels_connected_by_spiral_staircase3 SpatiallyLoaded:1 Bounds:IsValid=true, Min=(X=-470.000 Y=-129.040 Z=4410.000), Max=(X=3530.000 Y=3849.040 Z=6420.000) RuntimeGrid:None EditorOnly:0 RuntimeOnly:0 HLODRelevant:1
 |   |   |- Guid:2822C99C4EFE2BB1452DD9BCB1A76ECE BaseClass: NativeClass:/Script/Engine.StaticMeshActor Name:StaticMeshActor_UAID_3C7C3FBE881A281E02_1628119230 Label:3_levels_connected_by_spiral_staircase15 SpatiallyLoaded:1 Bounds:IsValid=true, Min=(X=-470.000 Y=-129.040 Z=22410.000), Max=(X=3530.000 Y=3849.040 Z=24420.000) RuntimeGrid:None EditorOnly:0 RuntimeOnly:0 HLODRelevant:1
 |   |   |- Guid:43EF7914478CF8F7B57808A2D3278F48 BaseClass: NativeClass:/Script/Engine.StaticMeshActor Name:StaticMeshActor_UAID_3C7C3FBE881A281E02_1170197219 Label:3_levels_connected_by_spiral_staircase8 SpatiallyLoaded:1 Bounds:IsValid=true, Min=(X=-470.000 Y=-129.040 Z=18410.000), Max=(X=3530.000 Y=3849.040 Z=20420.000) RuntimeGrid:None EditorOnly:0 RuntimeOnly:0 HLODRelevant:1
 |   |   |- Guid:500828634641A831E8D7E4BEE0FBBFC1 BaseClass: NativeClass:/Script/Engine.StaticMeshActor Name:StaticMeshActor_UAID_3C7C3FBE881A281E02_1628115224 Label:3_levels_connected_by_spiral_staircase11 SpatiallyLoaded:1 Bounds:IsValid=true, Min=(X=-470.000 Y=-129.040 Z=20410.000), Max=(X=3530.000 Y=3849.040 Z=22420.000) RuntimeGrid:None EditorOnly:0 RuntimeOnly:0 HLODRelevant:1
 |   |   |- Guid:524CE28F4A3E1EF7AE80B599B22542F7 BaseClass: NativeClass:/Script/Engine.StaticMeshActor Name:StaticMeshActor_UAID_3C7C3FBE881A291E02_1348213408 Label:Cylinder7 SpatiallyLoaded:1 Bounds:IsValid=true, Min=(X=2880.000 Y=1240.000 Z=19460.000), Max=(X=2980.000 Y=1340.000 Z=19560.000) RuntimeGrid:None EditorOnly:0 RuntimeOnly:0 HLODRelevant:1
 |   |   |- Guid:5FE7584649BB6F09265329A6C57CFD0D BaseClass: NativeClass:/Script/Engine.VolumetricCloud Name:VolumetricCloud_0 Label:VolumetricCloud SpatiallyLoaded:0 Bounds:IsValid=true, Min=(X=0.000 Y=0.000 Z=820.000), Max=(X=0.000 Y=0.000 Z=820.000) RuntimeGrid:None EditorOnly:0 RuntimeOnly:0 HLODRelevant:0 FolderPath:Lighting FolderGuid:0BA5F0A04EADB18E70D5B180D08FA34B
 |   |   |- Guid:61391D344900612A77DFC3BA3E354907 BaseClass: NativeClass:/Script/Engine.ExponentialHeightFog Name:ExponentialHeightFog_0 Label:ExponentialHeightFog SpatiallyLoaded:0 Bounds:IsValid=true, Min=(X=-5600.000 Y=-50.000 Z=-6850.000), Max=(X=-5600.000 Y=-50.000 Z=-6850.000) RuntimeGrid:None EditorOnly:0 RuntimeOnly:0 HLODRelevant:0 FolderPath:Lighting FolderGuid:0BA5F0A04EADB18E70D5B180D08FA34B
 |   |   |- Guid:63CF1BB04266780B66D8388019561C8F BaseClass: NativeClass:/Script/Engine.StaticMeshActor Name:StaticMeshActor_UAID_3C7C3FBE881A281E02_1170195217 Label:3_levels_connected_by_spiral_staircase6 SpatiallyLoaded:1 Bounds:IsValid=true, Min=(X=-470.000 Y=-129.040 Z=10410.000), Max=(X=3530.000 Y=3849.040 Z=12420.000) RuntimeGrid:None EditorOnly:0 RuntimeOnly:0 HLODRelevant:1
 |   |   |- Guid:6580EC08448906246763ED91AE3A302E BaseClass: NativeClass:/Script/Engine.StaticMeshActor Name:StaticMeshActor_UAID_3C7C3FBE881AC31902_2128532217 Label:3_levels_connected_by_spiral_staircase4 SpatiallyLoaded:1 Bounds:IsValid=true, Min=(X=-470.000 Y=-129.040 Z=6410.000), Max=(X=3530.000 Y=3849.040 Z=8420.000) RuntimeGrid:None EditorOnly:0 RuntimeOnly:0 HLODRelevant:1
 |   |   |- Guid:6CCAC41540428070D300C5989CB458DF BaseClass: NativeClass:/Script/Engine.StaticMeshActor Name:StaticMeshActor_UAID_3C7C3FBE881A281E02_1170199223 Label:3_levels_connected_by_spiral_staircase10 SpatiallyLoaded:1 Bounds:IsValid=true, Min=(X=-470.000 Y=-129.040 Z=12410.000), Max=(X=3530.000 Y=3849.040 Z=14420.000) RuntimeGrid:None EditorOnly:0 RuntimeOnly:0 HLODRelevant:1
 |   |   |- Guid:6FEFB3BD4EB37B849EF0D4AC80F83855 BaseClass: NativeClass:/Script/Engine.WorldDataLayers Name:WorldDataLayers Label:WorldDataLayers SpatiallyLoaded:0 Bounds:IsValid=true, Min=(X=0.000 Y=0.000 Z=0.000), Max=(X=0.000 Y=0.000 Z=0.000) RuntimeGrid:None EditorOnly:0 RuntimeOnly:0 HLODRelevant:0
 |   |   |- Guid:74DFE09C48687BA9804C08A4F4DDFF49 BaseClass: NativeClass:/Script/Engine.StaticMeshActor Name:StaticMeshActor_UAID_0015830CBFEB901702_1859219139 Label:3_levels_connected_by_spiral_staircase SpatiallyLoaded:1 Bounds:IsValid=true, Min=(X=-470.000 Y=-129.040 Z=410.000), Max=(X=3530.000 Y=3849.040 Z=2420.000) RuntimeGrid:None EditorOnly:0 RuntimeOnly:0 HLODRelevant:1
 |   |   |- Guid:78CAF7514C7533F30BD2F19A017AAB65 BaseClass: NativeClass:/Script/Engine.StaticMeshActor Name:StaticMeshActor_0 Label:SM_Cube SpatiallyLoaded:1 Bounds:IsValid=true, Min=(X=3820.000 Y=0.000 Z=360.000), Max=(X=6820.000 Y=3500.000 Z=410.000) RuntimeGrid:None EditorOnly:0 RuntimeOnly:0 HLODRelevant:1 FolderPath:Playground FolderGuid:6C02BB504B69D1F3D7A624B130C18E5B
 |   |   |- Guid:8F9E48A244386E1A966824BC9F2EC3BE BaseClass: NativeClass:/Script/Engine.StaticMeshActor Name:StaticMeshActor_UAID_0015830CBFEB901702_1690680138 Label:Cylinder SpatiallyLoaded:1 Bounds:IsValid=true, Min=(X=840.000 Y=1190.000 Z=9400.000), Max=(X=2220.000 Y=2570.000 Z=9400.000) RuntimeGrid:None EditorOnly:0 RuntimeOnly:0 HLODRelevant:1
 |   |   |- Guid:B374D92744E46CA92C85CF85324BCD24 BaseClass: NativeClass:/Script/Engine.StaticMeshActor Name:StaticMeshActor_UAID_3C7C3FBE881AC31902_2035776215 Label:3_levels_connected_by_spiral_staircase2 SpatiallyLoaded:1 Bounds:IsValid=true, Min=(X=-470.000 Y=-129.040 Z=2410.000), Max=(X=3530.000 Y=3849.040 Z=4420.000) RuntimeGrid:None EditorOnly:0 RuntimeOnly:0 HLODRelevant:1
 |   |   |- Guid:C22CE07C4B87D685137FDBBC10FC92C6 BaseClass: NativeClass:/Script/Engine.SkyAtmosphere Name:SkyAtmosphere_0 Label:SkyAtmosphere SpatiallyLoaded:0 Bounds:IsValid=true, Min=(X=0.000 Y=0.000 Z=1020.000), Max=(X=0.000 Y=0.000 Z=1020.000) RuntimeGrid:None EditorOnly:0 RuntimeOnly:0 HLODRelevant:0 FolderPath:Lighting FolderGuid:0BA5F0A04EADB18E70D5B180D08FA34B
 |   |   |- Guid:CE8D82634660FCDB3120E2B8D547C533 BaseClass: NativeClass:/Script/Engine.PostProcessVolume Name:PostProcessVolume_0 Label:PostProcessVolume SpatiallyLoaded:0 Bounds:IsValid=true, Min=(X=0.000 Y=530.000 Z=-1830.000), Max=(X=200.000 Y=730.000 Z=-1630.000) RuntimeGrid:None EditorOnly:0 RuntimeOnly:0 HLODRelevant:0 FolderPath:Lighting FolderGuid:0BA5F0A04EADB18E70D5B180D08FA34B
 |   |   |- Guid:D55E060D478723E325CDDC84ACD62F41 BaseClass: NativeClass:/Script/Engine.StaticMeshActor Name:StaticMeshActor_UAID_3C7C3FBE881A281E02_1170198220 Label:Cylinder4 SpatiallyLoaded:1 Bounds:IsValid=true, Min=(X=840.000 Y=1190.000 Z=14410.000), Max=(X=2220.000 Y=2570.000 Z=14410.000) RuntimeGrid:None EditorOnly:0 RuntimeOnly:0 HLODRelevant:1
 |   |   |- Guid:E2EF7954433A0FD5A860ADADFB31038E BaseClass: NativeClass:/Script/Engine.DirectionalLight Name:DirectionalLight_UAID_3C7C3FBE881A271E02_2089005040 Label:DirectionalLight2 SpatiallyLoaded:0 Bounds:IsValid=true, Min=(X=-4398046511104.000 Y=-4398046511104.000 Z=-4398046511104.000), Max=(X=4398046511104.000 Y=4398046511104.000 Z=4398046511104.000) RuntimeGrid:None EditorOnly:0 RuntimeOnly:0 HLODRelevant:0
 |   |   |- Guid:E5320C1B4FD9764CE7B54D8487AEC613 BaseClass: NativeClass:/Script/Engine.SkyLight Name:SkyLight_0 Label:SkyLight SpatiallyLoaded:0 Bounds:IsValid=true, Min=(X=1540.000 Y=550.000 Z=13920.000), Max=(X=1540.000 Y=550.000 Z=13920.000) RuntimeGrid:None EditorOnly:0 RuntimeOnly:0 HLODRelevant:0 FolderPath:Lighting FolderGuid:0BA5F0A04EADB18E70D5B180D08FA34B
 |   |   |- Guid:EE5F89A840576B92BFA94BB89CDFBE92 BaseClass: NativeClass:/Script/Engine.StaticMeshActor Name:StaticMeshActor_UAID_3C7C3FBE881A281E02_1628117227 Label:Cylinder6 SpatiallyLoaded:1 Bounds:IsValid=true, Min=(X=840.000 Y=1190.000 Z=24410.000), Max=(X=2220.000 Y=2570.000 Z=24410.000) RuntimeGrid:None EditorOnly:0 RuntimeOnly:0 HLODRelevant:1
 |   |   |- Guid:EE66F4454A4A9F99393F559AB739C05E BaseClass:/Game/FirstPerson/Blueprints/BP_Pickup_Rifle.BP_Pickup_Rifle_C NativeClass:/Script/Engine.Actor Name:BP_Rifle_C_1 Label:BP_Pickup_Rifle SpatiallyLoaded:1 Bounds:IsValid=true, Min=(X=1378.000 Y=818.000 Z=64.000), Max=(X=1442.000 Y=907.440 Z=128.000) RuntimeGrid:None EditorOnly:0 RuntimeOnly:0 HLODRelevant:0
 |   |   |- Guid:F89A091B4D8904868F5448B202CAB832 BaseClass: NativeClass:/Script/Engine.StaticMeshActor Name:StaticMeshActor_UAID_3C7C3FBE881AC41902_2092812398 Label:3_levels_connected_by_spiral_staircase5 SpatiallyLoaded:1 Bounds:IsValid=true, Min=(X=-470.000 Y=-129.040 Z=8410.000), Max=(X=3530.000 Y=3849.040 Z=10420.000) RuntimeGrid:None EditorOnly:0 RuntimeOnly:0 HLODRelevant:1
 |   |- [+] Clusters:
 |   |   |- [+] [  0]
 |   |   |   |- Guid:74DFE09C48687BA9804C08A4F4DDFF49 BaseClass: NativeClass:/Script/Engine.StaticMeshActor Name:StaticMeshActor_UAID_0015830CBFEB901702_1859219139 Label:3_levels_connected_by_spiral_staircase SpatiallyLoaded:1 Bounds:IsValid=true, Min=(X=-470.000 Y=-129.040 Z=410.000), Max=(X=3530.000 Y=3849.040 Z=2420.000) RuntimeGrid:None EditorOnly:0 RuntimeOnly:0 HLODRelevant:1
 |   |   |- [+] [  1]
 |   |   |   |- Guid:61391D344900612A77DFC3BA3E354907 BaseClass: NativeClass:/Script/Engine.ExponentialHeightFog Name:ExponentialHeightFog_0 Label:ExponentialHeightFog SpatiallyLoaded:0 Bounds:IsValid=true, Min=(X=-5600.000 Y=-50.000 Z=-6850.000), Max=(X=-5600.000 Y=-50.000 Z=-6850.000) RuntimeGrid:None EditorOnly:0 RuntimeOnly:0 HLODRelevant:0 FolderPath:Lighting FolderGuid:0BA5F0A04EADB18E70D5B180D08FA34B
 |   |   |- [+] [  2]
 |   |   |   |- Guid:5FE7584649BB6F09265329A6C57CFD0D BaseClass: NativeClass:/Script/Engine.VolumetricCloud Name:VolumetricCloud_0 Label:VolumetricCloud SpatiallyLoaded:0 Bounds:IsValid=true, Min=(X=0.000 Y=0.000 Z=820.000), Max=(X=0.000 Y=0.000 Z=820.000) RuntimeGrid:None EditorOnly:0 RuntimeOnly:0 HLODRelevant:0 FolderPath:Lighting FolderGuid:0BA5F0A04EADB18E70D5B180D08FA34B
 |   |   |- [+] [  3]
 |   |   |   |- Guid:500828634641A831E8D7E4BEE0FBBFC1 BaseClass: NativeClass:/Script/Engine.StaticMeshActor Name:StaticMeshActor_UAID_3C7C3FBE881A281E02_1628115224 Label:3_levels_connected_by_spiral_staircase11 SpatiallyLoaded:1 Bounds:IsValid=true, Min=(X=-470.000 Y=-129.040 Z=20410.000), Max=(X=3530.000 Y=3849.040 Z=22420.000) RuntimeGrid:None EditorOnly:0 RuntimeOnly:0 HLODRelevant:1
 |   |   |- [+] [  4]
 |   |   |   |- Guid:6580EC08448906246763ED91AE3A302E BaseClass: NativeClass:/Script/Engine.StaticMeshActor Name:StaticMeshActor_UAID_3C7C3FBE881AC31902_2128532217 Label:3_levels_connected_by_spiral_staircase4 SpatiallyLoaded:1 Bounds:IsValid=true, Min=(X=-470.000 Y=-129.040 Z=6410.000), Max=(X=3530.000 Y=3849.040 Z=8420.000) RuntimeGrid:None EditorOnly:0 RuntimeOnly:0 HLODRelevant:1
 |   |   |- [+] [  5]
 |   |   |   |- Guid:EE66F4454A4A9F99393F559AB739C05E BaseClass:/Game/FirstPerson/Blueprints/BP_Pickup_Rifle.BP_Pickup_Rifle_C NativeClass:/Script/Engine.Actor Name:BP_Rifle_C_1 Label:BP_Pickup_Rifle SpatiallyLoaded:1 Bounds:IsValid=true, Min=(X=1378.000 Y=818.000 Z=64.000), Max=(X=1442.000 Y=907.440 Z=128.000) RuntimeGrid:None EditorOnly:0 RuntimeOnly:0 HLODRelevant:0
 |   |   |- [+] [  6]
 |   |   |   |- Guid:F89A091B4D8904868F5448B202CAB832 BaseClass: NativeClass:/Script/Engine.StaticMeshActor Name:StaticMeshActor_UAID_3C7C3FBE881AC41902_2092812398 Label:3_levels_connected_by_spiral_staircase5 SpatiallyLoaded:1 Bounds:IsValid=true, Min=(X=-470.000 Y=-129.040 Z=8410.000), Max=(X=3530.000 Y=3849.040 Z=10420.000) RuntimeGrid:None EditorOnly:0 RuntimeOnly:0 HLODRelevant:1
 |   |   |- [+] [  7]
 |   |   |   |- Guid:E5320C1B4FD9764CE7B54D8487AEC613 BaseClass: NativeClass:/Script/Engine.SkyLight Name:SkyLight_0 Label:SkyLight SpatiallyLoaded:0 Bounds:IsValid=true, Min=(X=1540.000 Y=550.000 Z=13920.000), Max=(X=1540.000 Y=550.000 Z=13920.000) RuntimeGrid:None EditorOnly:0 RuntimeOnly:0 HLODRelevant:0 FolderPath:Lighting FolderGuid:0BA5F0A04EADB18E70D5B180D08FA34B
 |   |   |- [+] [  8]
 |   |   |   |- Guid:78CAF7514C7533F30BD2F19A017AAB65 BaseClass: NativeClass:/Script/Engine.StaticMeshActor Name:StaticMeshActor_0 Label:SM_Cube SpatiallyLoaded:1 Bounds:IsValid=true, Min=(X=3820.000 Y=0.000 Z=360.000), Max=(X=6820.000 Y=3500.000 Z=410.000) RuntimeGrid:None EditorOnly:0 RuntimeOnly:0 HLODRelevant:1 FolderPath:Playground FolderGuid:6C02BB504B69D1F3D7A624B130C18E5B
 |   |   |- [+] [  9]
 |   |   |   |- Guid:002A26AF47E284BAFB59E6BD7834E380 BaseClass: NativeClass:/Script/Engine.StaticMeshActor Name:StaticMeshActor_UAID_3C7C3FBE881AC41902_2057012397 Label:Cylinder2 SpatiallyLoaded:1 Bounds:IsValid=true, Min=(X=840.000 Y=1190.000 Z=4410.000), Max=(X=2220.000 Y=2570.000 Z=4410.000) RuntimeGrid:None EditorOnly:0 RuntimeOnly:0 HLODRelevant:1
 |   |   |- [+] [ 10]
 |   |   |   |- Guid:524CE28F4A3E1EF7AE80B599B22542F7 BaseClass: NativeClass:/Script/Engine.StaticMeshActor Name:StaticMeshActor_UAID_3C7C3FBE881A291E02_1348213408 Label:Cylinder7 SpatiallyLoaded:1 Bounds:IsValid=true, Min=(X=2880.000 Y=1240.000 Z=19460.000), Max=(X=2980.000 Y=1340.000 Z=19560.000) RuntimeGrid:None EditorOnly:0 RuntimeOnly:0 HLODRelevant:1
 |   |   |- [+] [ 11]
 |   |   |   |- Guid:8F9E48A244386E1A966824BC9F2EC3BE BaseClass: NativeClass:/Script/Engine.StaticMeshActor Name:StaticMeshActor_UAID_0015830CBFEB901702_1690680138 Label:Cylinder SpatiallyLoaded:1 Bounds:IsValid=true, Min=(X=840.000 Y=1190.000 Z=9400.000), Max=(X=2220.000 Y=2570.000 Z=9400.000) RuntimeGrid:None EditorOnly:0 RuntimeOnly:0 HLODRelevant:1
 |   |   |- [+] [ 12]
 |   |   |   |- Guid:C22CE07C4B87D685137FDBBC10FC92C6 BaseClass: NativeClass:/Script/Engine.SkyAtmosphere Name:SkyAtmosphere_0 Label:SkyAtmosphere SpatiallyLoaded:0 Bounds:IsValid=true, Min=(X=0.000 Y=0.000 Z=1020.000), Max=(X=0.000 Y=0.000 Z=1020.000) RuntimeGrid:None EditorOnly:0 RuntimeOnly:0 HLODRelevant:0 FolderPath:Lighting FolderGuid:0BA5F0A04EADB18E70D5B180D08FA34B
 |   |   |- [+] [ 13]
 |   |   |   |- Guid:6FEFB3BD4EB37B849EF0D4AC80F83855 BaseClass: NativeClass:/Script/Engine.WorldDataLayers Name:WorldDataLayers Label:WorldDataLayers SpatiallyLoaded:0 Bounds:IsValid=true, Min=(X=0.000 Y=0.000 Z=0.000), Max=(X=0.000 Y=0.000 Z=0.000) RuntimeGrid:None EditorOnly:0 RuntimeOnly:0 HLODRelevant:0
 |   |   |- [+] [ 14]
 |   |   |   |- Guid:1E01FB8E4EE10E4121FCB6A959ADEC0E BaseClass: NativeClass:/Script/Engine.StaticMeshActor Name:StaticMeshActor_UAID_3C7C3FBE881AC31902_2115473216 Label:3_levels_connected_by_spiral_staircase3 SpatiallyLoaded:1 Bounds:IsValid=true, Min=(X=-470.000 Y=-129.040 Z=4410.000), Max=(X=3530.000 Y=3849.040 Z=6420.000) RuntimeGrid:None EditorOnly:0 RuntimeOnly:0 HLODRelevant:1
 |   |   |- [+] [ 15]
 |   |   |   |- Guid:B374D92744E46CA92C85CF85324BCD24 BaseClass: NativeClass:/Script/Engine.StaticMeshActor Name:StaticMeshActor_UAID_3C7C3FBE881AC31902_2035776215 Label:3_levels_connected_by_spiral_staircase2 SpatiallyLoaded:1 Bounds:IsValid=true, Min=(X=-470.000 Y=-129.040 Z=2410.000), Max=(X=3530.000 Y=3849.040 Z=4420.000) RuntimeGrid:None EditorOnly:0 RuntimeOnly:0 HLODRelevant:1
 |   |   |- [+] [ 16]
 |   |   |   |- Guid:CE8D82634660FCDB3120E2B8D547C533 BaseClass: NativeClass:/Script/Engine.PostProcessVolume Name:PostProcessVolume_0 Label:PostProcessVolume SpatiallyLoaded:0 Bounds:IsValid=true, Min=(X=0.000 Y=530.000 Z=-1830.000), Max=(X=200.000 Y=730.000 Z=-1630.000) RuntimeGrid:None EditorOnly:0 RuntimeOnly:0 HLODRelevant:0 FolderPath:Lighting FolderGuid:0BA5F0A04EADB18E70D5B180D08FA34B
 |   |   |- [+] [ 17]
 |   |   |   |- Guid:6CCAC41540428070D300C5989CB458DF BaseClass: NativeClass:/Script/Engine.StaticMeshActor Name:StaticMeshActor_UAID_3C7C3FBE881A281E02_1170199223 Label:3_levels_connected_by_spiral_staircase10 SpatiallyLoaded:1 Bounds:IsValid=true, Min=(X=-470.000 Y=-129.040 Z=12410.000), Max=(X=3530.000 Y=3849.040 Z=14420.000) RuntimeGrid:None EditorOnly:0 RuntimeOnly:0 HLODRelevant:1
 |   |   |- [+] [ 18]
 |   |   |   |- Guid:63CF1BB04266780B66D8388019561C8F BaseClass: NativeClass:/Script/Engine.StaticMeshActor Name:StaticMeshActor_UAID_3C7C3FBE881A281E02_1170195217 Label:3_levels_connected_by_spiral_staircase6 SpatiallyLoaded:1 Bounds:IsValid=true, Min=(X=-470.000 Y=-129.040 Z=10410.000), Max=(X=3530.000 Y=3849.040 Z=12420.000) RuntimeGrid:None EditorOnly:0 RuntimeOnly:0 HLODRelevant:1
 |   |   |- [+] [ 19]
 |   |   |   |- Guid:19F539224553BE3B25BDE5948D311574 BaseClass: NativeClass:/Script/Engine.StaticMeshActor Name:StaticMeshActor_UAID_3C7C3FBE881A281E02_1170197218 Label:3_levels_connected_by_spiral_staircase7 SpatiallyLoaded:1 Bounds:IsValid=true, Min=(X=-470.000 Y=-129.040 Z=16410.000), Max=(X=3530.000 Y=3849.040 Z=18420.000) RuntimeGrid:None EditorOnly:0 RuntimeOnly:0 HLODRelevant:1
 |   |   |- [+] [ 20]
 |   |   |   |- Guid:43EF7914478CF8F7B57808A2D3278F48 BaseClass: NativeClass:/Script/Engine.StaticMeshActor Name:StaticMeshActor_UAID_3C7C3FBE881A281E02_1170197219 Label:3_levels_connected_by_spiral_staircase8 SpatiallyLoaded:1 Bounds:IsValid=true, Min=(X=-470.000 Y=-129.040 Z=18410.000), Max=(X=3530.000 Y=3849.040 Z=20420.000) RuntimeGrid:None EditorOnly:0 RuntimeOnly:0 HLODRelevant:1
 |   |   |- [+] [ 21]
 |   |   |   |- Guid:0022AEBD405D59E56405B8867A93F835 BaseClass: NativeClass:/Script/Engine.StaticMeshActor Name:StaticMeshActor_UAID_3C7C3FBE881A281E02_1170199222 Label:3_levels_connected_by_spiral_staircase9 SpatiallyLoaded:1 Bounds:IsValid=true, Min=(X=-470.000 Y=-129.040 Z=14410.000), Max=(X=3530.000 Y=3849.040 Z=16420.000) RuntimeGrid:None EditorOnly:0 RuntimeOnly:0 HLODRelevant:1
 |   |   |- [+] [ 22]
 |   |   |   |- Guid:D55E060D478723E325CDDC84ACD62F41 BaseClass: NativeClass:/Script/Engine.StaticMeshActor Name:StaticMeshActor_UAID_3C7C3FBE881A281E02_1170198220 Label:Cylinder4 SpatiallyLoaded:1 Bounds:IsValid=true, Min=(X=840.000 Y=1190.000 Z=14410.000), Max=(X=2220.000 Y=2570.000 Z=14410.000) RuntimeGrid:None EditorOnly:0 RuntimeOnly:0 HLODRelevant:1
 |   |   |- [+] [ 23]
 |   |   |   |- Guid:06E14AA643F9341731DC9697FD52FA31 BaseClass: NativeClass:/Script/Engine.StaticMeshActor Name:StaticMeshActor_UAID_3C7C3FBE881A281E02_1170198221 Label:Cylinder5 SpatiallyLoaded:1 Bounds:IsValid=true, Min=(X=840.000 Y=1190.000 Z=19400.000), Max=(X=2220.000 Y=2570.000 Z=19400.000) RuntimeGrid:None EditorOnly:0 RuntimeOnly:0 HLODRelevant:1
 |   |   |- [+] [ 24]
 |   |   |   |- Guid:E2EF7954433A0FD5A860ADADFB31038E BaseClass: NativeClass:/Script/Engine.DirectionalLight Name:DirectionalLight_UAID_3C7C3FBE881A271E02_2089005040 Label:DirectionalLight2 SpatiallyLoaded:0 Bounds:IsValid=true, Min=(X=-4398046511104.000 Y=-4398046511104.000 Z=-4398046511104.000), Max=(X=4398046511104.000 Y=4398046511104.000 Z=4398046511104.000) RuntimeGrid:None EditorOnly:0 RuntimeOnly:0 HLODRelevant:0
 |   |   |- [+] [ 25]
 |   |   |   |- Guid:2822C99C4EFE2BB1452DD9BCB1A76ECE BaseClass: NativeClass:/Script/Engine.StaticMeshActor Name:StaticMeshActor_UAID_3C7C3FBE881A281E02_1628119230 Label:3_levels_connected_by_spiral_staircase15 SpatiallyLoaded:1 Bounds:IsValid=true, Min=(X=-470.000 Y=-129.040 Z=22410.000), Max=(X=3530.000 Y=3849.040 Z=24420.000) RuntimeGrid:None EditorOnly:0 RuntimeOnly:0 HLODRelevant:1
 |   |   |- [+] [ 26]
 |   |   |   |- Guid:EE5F89A840576B92BFA94BB89CDFBE92 BaseClass: NativeClass:/Script/Engine.StaticMeshActor Name:StaticMeshActor_UAID_3C7C3FBE881A281E02_1628117227 Label:Cylinder6 SpatiallyLoaded:1 Bounds:IsValid=true, Min=(X=840.000 Y=1190.000 Z=24410.000), Max=(X=2220.000 Y=2570.000 Z=24410.000) RuntimeGrid:None EditorOnly:0 RuntimeOnly:0 HLODRelevant:1
 |- ContainerInstances:
 |- [+] MainContainer:
 |   |-        ID: 0x0000000000000000
 |   |-    Bounds: IsValid=false, Min=(X=0.000 Y=0.000 Z=0.000), Max=(X=0.000 Y=0.000 Z=0.000)
 |   |- Transform: 0.000000,0.000000,0.000000|0.000000,0.000000,-0.000000|1.000000,1.000000,1.000000
 |   |- Container: /Game/FirstPerson/Maps/FirstPersonMap
----------------------------------------------------------------------------------------------------------------
FirstPersonMap - Persistent Level
----------------------------------------------------------------------------------------------------------------
Always loaded Actor Count: 34 

----------------------------------------------------------------------------------------------------------------
FirstPersonMap - Runtime Spatial Hash - Streaming Grid - MainGrid
----------------------------------------------------------------------------------------------------------------
            Origin: X=0.000 Y=0.000 Z=0.000
         Cell Size: 12800
      World Bounds: IsValid=false, Min=(X=0.000 Y=0.000 Z=0.000), Max=(X=0.000 Y=0.000 Z=0.000)
     Loading Range: 25600.00
Block Slow Loading: No
 ClientOnlyVisible: No

[+] Grid Levels: 1
 |- Level  0: Cell Count    0 | Cell Size   12800 | Actor Count    0 (0.0%)

[+] Content of Grid Level 0

