[+] Containers:
 |- [+] Container: /Game/FirstPerson/Maps/FirstPersonMap
 |   |- [+] ActorDescs:
 |   |   |- Guid:0022AEBD405D59E56405B8867A93F835 BaseClass: NativeClass:/Script/Engine.StaticMeshActor Name:StaticMeshActor_UAID_3C7C3FBE881A281E02_1170199222 Label:3_levels_connected_by_spiral_staircase9 SpatiallyLoaded:1 Bounds:IsValid=true, Min=(X=-1970.000 Y=-1620.820 Z=14410.000), Max=(X=5030.000 Y=5340.820 Z=16420.000) RuntimeGrid:None EditorOnly:0 RuntimeOnly:0 HLODRelevant:1
 |   |   |- Guid:19F539224553BE3B25BDE5948D311574 BaseClass: NativeClass:/Script/Engine.StaticMeshActor Name:StaticMeshActor_UAID_3C7C3FBE881A281E02_1170197218 Label:3_levels_connected_by_spiral_staircase7 SpatiallyLoaded:1 Bounds:IsValid=true, Min=(X=-1970.000 Y=-1620.820 Z=16410.000), Max=(X=5030.000 Y=5340.820 Z=18420.000) RuntimeGrid:None EditorOnly:0 RuntimeOnly:0 HLODRelevant:1
 |   |   |- Guid:1E01FB8E4EE10E4121FCB6A959ADEC0E BaseClass: NativeClass:/Script/Engine.StaticMeshActor Name:StaticMeshActor_UAID_3C7C3FBE881AC31902_2115473216 Label:3_levels_connected_by_spiral_staircase3 SpatiallyLoaded:1 Bounds:IsValid=true, Min=(X=-1970.000 Y=-1620.820 Z=4410.000), Max=(X=5030.000 Y=5340.820 Z=6420.000) RuntimeGrid:None EditorOnly:0 RuntimeOnly:0 HLODRelevant:1
 |   |   |- Guid:2822C99C4EFE2BB1452DD9BCB1A76ECE BaseClass: NativeClass:/Script/Engine.StaticMeshActor Name:StaticMeshActor_UAID_3C7C3FBE881A281E02_1628119230 Label:3_levels_connected_by_spiral_staircase15 SpatiallyLoaded:1 Bounds:IsValid=true, Min=(X=-1970.000 Y=-1620.820 Z=22410.000), Max=(X=5030.000 Y=5340.820 Z=24420.000) RuntimeGrid:None EditorOnly:0 RuntimeOnly:0 HLODRelevant:1
 |   |   |- Guid:35BE909B4710632275CD1B98736C2553 BaseClass:/Game/FirstPerson/Blueprints/Dash.Dash_C NativeClass:/Script/Engine.Actor Name:Dash_C_UAID_18C04DAB57475C2B02_2090058096 Label:Dash SpatiallyLoaded:1 Bounds:IsValid=true, Min=(X=1228.000 Y=3938.000 Z=4568.000), Max=(X=1292.000 Y=4002.000 Z=4632.000) RuntimeGrid:None EditorOnly:0 RuntimeOnly:0 HLODRelevant:0
 |   |   |- Guid:43EF7914478CF8F7B57808A2D3278F48 BaseClass: NativeClass:/Script/Engine.StaticMeshActor Name:StaticMeshActor_UAID_3C7C3FBE881A281E02_1170197219 Label:3_levels_connected_by_spiral_staircase8 SpatiallyLoaded:1 Bounds:IsValid=true, Min=(X=-1970.000 Y=-1620.820 Z=18410.000), Max=(X=5030.000 Y=5340.820 Z=20420.000) RuntimeGrid:None EditorOnly:0 RuntimeOnly:0 HLODRelevant:1
 |   |   |- Guid:4F057D734649F7011B63BFAEEF6FF0F7 BaseClass:/Game/Blueprints/FallingZone.FallingZone_C NativeClass:/Script/Engine.Actor Name:FallingZone_C_UAID_3C7C3FBE881A912202_2063176922 Label:FallingZone SpatiallyLoaded:1 Bounds:IsValid=true, Min=(X=-8080.000 Y=-9600.000 Z=-4192.000), Max=(X=11120.000 Y=9600.000 Z=-4128.000) RuntimeGrid:None EditorOnly:0 RuntimeOnly:0 HLODRelevant:0
 |   |   |- Guid:500828634641A831E8D7E4BEE0FBBFC1 BaseClass: NativeClass:/Script/Engine.StaticMeshActor Name:StaticMeshActor_UAID_3C7C3FBE881A281E02_1628115224 Label:3_levels_connected_by_spiral_staircase11 SpatiallyLoaded:1 Bounds:IsValid=true, Min=(X=-1970.000 Y=-1620.820 Z=20410.000), Max=(X=5030.000 Y=5340.820 Z=22420.000) RuntimeGrid:None EditorOnly:0 RuntimeOnly:0 HLODRelevant:1
 |   |   |- Guid:59EE00534D1076B2CAECE8B512009178 BaseClass: NativeClass:/Script/Engine.StaticMeshActor Name:StaticMeshActor_UAID_3C7C3FBE881A5D2002_2142674656 Label:PlataformaTorretas1 SpatiallyLoaded:1 Bounds:IsValid=true, Min=(X=367.500 Y=717.500 Z=5390.000), Max=(X=2692.500 Y=3042.500 Z=5390.000) RuntimeGrid:None EditorOnly:0 RuntimeOnly:0 HLODRelevant:1
 |   |   |- Guid:5FE7584649BB6F09265329A6C57CFD0D BaseClass: NativeClass:/Script/Engine.VolumetricCloud Name:VolumetricCloud_0 Label:VolumetricCloud SpatiallyLoaded:0 Bounds:IsValid=true, Min=(X=0.000 Y=0.000 Z=820.000), Max=(X=0.000 Y=0.000 Z=820.000) RuntimeGrid:None EditorOnly:0 RuntimeOnly:0 HLODRelevant:0 FolderPath:Lighting FolderGuid:0BA5F0A04EADB18E70D5B180D08FA34B
 |   |   |- Guid:61391D344900612A77DFC3BA3E354907 BaseClass: NativeClass:/Script/Engine.ExponentialHeightFog Name:ExponentialHeightFog_0 Label:ExponentialHeightFog SpatiallyLoaded:0 Bounds:IsValid=true, Min=(X=-5600.000 Y=-50.000 Z=-6850.000), Max=(X=-5600.000 Y=-50.000 Z=-6850.000) RuntimeGrid:None EditorOnly:0 RuntimeOnly:0 HLODRelevant:0 FolderPath:Lighting FolderGuid:0BA5F0A04EADB18E70D5B180D08FA34B
 |   |   |- Guid:63CF1BB04266780B66D8388019561C8F BaseClass: NativeClass:/Script/Engine.StaticMeshActor Name:StaticMeshActor_UAID_3C7C3FBE881A281E02_1170195217 Label:3_levels_connected_by_spiral_staircase6 SpatiallyLoaded:1 Bounds:IsValid=true, Min=(X=-1970.000 Y=-1620.820 Z=10410.000), Max=(X=5030.000 Y=5340.820 Z=12420.000) RuntimeGrid:None EditorOnly:0 RuntimeOnly:0 HLODRelevant:1
 |   |   |- Guid:6580EC08448906246763ED91AE3A302E BaseClass: NativeClass:/Script/Engine.StaticMeshActor Name:StaticMeshActor_UAID_3C7C3FBE881AC31902_2128532217 Label:3_levels_connected_by_spiral_staircase4 SpatiallyLoaded:1 Bounds:IsValid=true, Min=(X=-1970.000 Y=-1620.820 Z=6410.000), Max=(X=5030.000 Y=5340.820 Z=8420.000) RuntimeGrid:None EditorOnly:0 RuntimeOnly:0 HLODRelevant:1
 |   |   |- Guid:6CCAC41540428070D300C5989CB458DF BaseClass: NativeClass:/Script/Engine.StaticMeshActor Name:StaticMeshActor_UAID_3C7C3FBE881A281E02_1170199223 Label:3_levels_connected_by_spiral_staircase10 SpatiallyLoaded:1 Bounds:IsValid=true, Min=(X=-1970.000 Y=-1620.820 Z=12410.000), Max=(X=5030.000 Y=5340.820 Z=14420.000) RuntimeGrid:None EditorOnly:0 RuntimeOnly:0 HLODRelevant:1
 |   |   |- Guid:6FEFB3BD4EB37B849EF0D4AC80F83855 BaseClass: NativeClass:/Script/Engine.WorldDataLayers Name:WorldDataLayers Label:WorldDataLayers SpatiallyLoaded:0 Bounds:IsValid=true, Min=(X=0.000 Y=0.000 Z=0.000), Max=(X=0.000 Y=0.000 Z=0.000) RuntimeGrid:None EditorOnly:0 RuntimeOnly:0 HLODRelevant:0
 |   |   |- Guid:74DFE09C48687BA9804C08A4F4DDFF49 BaseClass: NativeClass:/Script/Engine.StaticMeshActor Name:StaticMeshActor_UAID_0015830CBFEB901702_1859219139 Label:3_levels_connected_by_spiral_staircase SpatiallyLoaded:1 Bounds:IsValid=true, Min=(X=-1970.000 Y=-1620.820 Z=410.000), Max=(X=5030.000 Y=5340.820 Z=2420.000) RuntimeGrid:None EditorOnly:0 RuntimeOnly:0 HLODRelevant:1
 |   |   |- Guid:78CAF7514C7533F30BD2F19A017AAB65 BaseClass: NativeClass:/Script/Engine.StaticMeshActor Name:StaticMeshActor_0 Label:SM_Cube SpatiallyLoaded:1 Bounds:IsValid=true, Min=(X=10780.000 Y=0.000 Z=360.000), Max=(X=13780.000 Y=3500.000 Z=410.000) RuntimeGrid:None EditorOnly:0 RuntimeOnly:0 HLODRelevant:1 FolderPath:Playground FolderGuid:6C02BB504B69D1F3D7A624B130C18E5B
 |   |   |- Guid:8455846D4D0654EBC8D01791AE9BA0E9 BaseClass: NativeClass:/Script/Engine.StaticMeshActor Name:StaticMeshActor_UAID_3C7C3FBE881A5E2002_1161457834 Label:PlataformaTorretas3 SpatiallyLoaded:1 Bounds:IsValid=true, Min=(X=367.500 Y=717.500 Z=14410.000), Max=(X=2692.500 Y=3042.500 Z=14410.000) RuntimeGrid:None EditorOnly:0 RuntimeOnly:0 HLODRelevant:1
 |   |   |- Guid:AB2CA53046DB426ABF864F99749E6F74 BaseClass: NativeClass:/Script/Engine.StaticMeshActor Name:StaticMeshActor_UAID_3C7C3FBE881AF82602_1700446277 Label:Cube4 SpatiallyLoaded:1 Bounds:IsValid=true, Min=(X=2556.465 Y=2019.246 Z=4270.000), Max=(X=2653.535 Y=2569.754 Z=4420.000) RuntimeGrid:None EditorOnly:0 RuntimeOnly:0 HLODRelevant:1
 |   |   |- Guid:B374D92744E46CA92C85CF85324BCD24 BaseClass: NativeClass:/Script/Engine.StaticMeshActor Name:StaticMeshActor_UAID_3C7C3FBE881AC31902_2035776215 Label:3_levels_connected_by_spiral_staircase2 SpatiallyLoaded:1 Bounds:IsValid=true, Min=(X=-1970.000 Y=-1620.820 Z=2410.000), Max=(X=5030.000 Y=5340.820 Z=4420.000) RuntimeGrid:None EditorOnly:0 RuntimeOnly:0 HLODRelevant:1
 |   |   |- Guid:B68A0C2F4115EF0807DCD5A2C74249A1 BaseClass: NativeClass:/Script/Engine.StaticMeshActor Name:StaticMeshActor_UAID_3C7C3FBE881AF42602_2085146569 Label:Cube2 SpatiallyLoaded:1 Bounds:IsValid=true, Min=(X=2554.746 Y=2568.965 Z=4270.000), Max=(X=3105.254 Y=2666.035 Z=4420.000) RuntimeGrid:None EditorOnly:0 RuntimeOnly:0 HLODRelevant:1
 |   |   |- Guid:C22CE07C4B87D685137FDBBC10FC92C6 BaseClass: NativeClass:/Script/Engine.SkyAtmosphere Name:SkyAtmosphere_0 Label:SkyAtmosphere SpatiallyLoaded:0 Bounds:IsValid=true, Min=(X=0.000 Y=0.000 Z=1020.000), Max=(X=0.000 Y=0.000 Z=1020.000) RuntimeGrid:None EditorOnly:0 RuntimeOnly:0 HLODRelevant:0 FolderPath:Lighting FolderGuid:0BA5F0A04EADB18E70D5B180D08FA34B
 |   |   |- Guid:CE8D82634660FCDB3120E2B8D547C533 BaseClass: NativeClass:/Script/Engine.PostProcessVolume Name:PostProcessVolume_0 Label:PostProcessVolume SpatiallyLoaded:0 Bounds:IsValid=true, Min=(X=0.000 Y=530.000 Z=-1830.000), Max=(X=200.000 Y=730.000 Z=-1630.000) RuntimeGrid:None EditorOnly:0 RuntimeOnly:0 HLODRelevant:0 FolderPath:Lighting FolderGuid:0BA5F0A04EADB18E70D5B180D08FA34B
 |   |   |- Guid:D08051D64A2ACE115F161F8C58B90F63 BaseClass: NativeClass:/Script/Engine.StaticMeshActor Name:StaticMeshActor_UAID_3C7C3FBE881AF42602_1778308568 Label:Cube SpatiallyLoaded:1 Bounds:IsValid=true, Min=(X=2554.959 Y=1804.122 Z=4410.125), Max=(X=3305.041 Y=2675.878 Z=4419.875) RuntimeGrid:None EditorOnly:0 RuntimeOnly:0 HLODRelevant:1
 |   |   |- Guid:D50EB5D64EF680431CCCEC92E511119A BaseClass: NativeClass:/Script/Engine.PlayerStart Name:PlayerStart_UAID_3C7C3FBE881A912202_1472106921 Label:PlayerStart SpatiallyLoaded:0 Bounds:IsValid=true, Min=(X=1540.000 Y=4060.000 Z=4438.000), Max=(X=1620.000 Y=4140.000 Z=4622.000) RuntimeGrid:None EditorOnly:0 RuntimeOnly:0 HLODRelevant:0
 |   |   |- Guid:D611841C44AA1DD793B0F6B6AED4F65A BaseClass: NativeClass:/Script/Engine.StaticMeshActor Name:StaticMeshActor_UAID_3C7C3FBE881AF52602_2027173748 Label:Cylinder2 SpatiallyLoaded:1 Bounds:IsValid=true, Min=(X=-2020.000 Y=-1690.000 Z=-40810.000), Max=(X=5080.000 Y=5410.000 Z=59190.000) RuntimeGrid:None EditorOnly:0 RuntimeOnly:0 HLODRelevant:0
 |   |   |- Guid:DF54F163425E12171C05ABB15B03EB94 BaseClass: NativeClass:/Script/Engine.StaticMeshActor Name:StaticMeshActor_UAID_3C7C3FBE881A5D2002_2070825655 Label:PlataformaTorretas4 SpatiallyLoaded:1 Bounds:IsValid=true, Min=(X=367.500 Y=717.500 Z=19390.000), Max=(X=2692.500 Y=3042.500 Z=19390.000) RuntimeGrid:None EditorOnly:0 RuntimeOnly:0 HLODRelevant:1
 |   |   |- Guid:E2EF7954433A0FD5A860ADADFB31038E BaseClass: NativeClass:/Script/Engine.DirectionalLight Name:DirectionalLight_UAID_3C7C3FBE881A271E02_2089005040 Label:DirectionalLight2 SpatiallyLoaded:0 Bounds:IsValid=true, Min=(X=-4398046511104.000 Y=-4398046511104.000 Z=-4398046511104.000), Max=(X=4398046511104.000 Y=4398046511104.000 Z=4398046511104.000) RuntimeGrid:None EditorOnly:0 RuntimeOnly:0 HLODRelevant:0
 |   |   |- Guid:E5320C1B4FD9764CE7B54D8487AEC613 BaseClass: NativeClass:/Script/Engine.SkyLight Name:SkyLight_0 Label:SkyLight SpatiallyLoaded:0 Bounds:IsValid=true, Min=(X=1540.000 Y=550.000 Z=13920.000), Max=(X=1540.000 Y=550.000 Z=13920.000) RuntimeGrid:None EditorOnly:0 RuntimeOnly:0 HLODRelevant:0 FolderPath:Lighting FolderGuid:0BA5F0A04EADB18E70D5B180D08FA34B
 |   |   |- Guid:E9B52DB24BF49E7544353092361C91CF BaseClass: NativeClass:/Script/Engine.StaticMeshActor Name:StaticMeshActor_UAID_3C7C3FBE881A5E2002_1127166833 Label:PlataformaTorretas2 SpatiallyLoaded:1 Bounds:IsValid=true, Min=(X=367.500 Y=717.500 Z=10390.000), Max=(X=2692.500 Y=3042.500 Z=10390.000) RuntimeGrid:None EditorOnly:0 RuntimeOnly:0 HLODRelevant:1
 |   |   |- Guid:EE5F89A840576B92BFA94BB89CDFBE92 BaseClass: NativeClass:/Script/Engine.StaticMeshActor Name:StaticMeshActor_UAID_3C7C3FBE881A281E02_1628117227 Label:PlataformaTorretas5 SpatiallyLoaded:1 Bounds:IsValid=true, Min=(X=367.500 Y=717.500 Z=24410.000), Max=(X=2692.500 Y=3042.500 Z=24410.000) RuntimeGrid:None EditorOnly:0 RuntimeOnly:0 HLODRelevant:1
 |   |   |- Guid:F80776B747171573DE10AB9DE2843C90 BaseClass: NativeClass:/Script/Engine.StaticMeshActor Name:StaticMeshActor_UAID_3C7C3FBE881AF52602_1229618746 Label:Cube3 SpatiallyLoaded:1 Bounds:IsValid=true, Min=(X=2097.500 Y=-190.000 Z=1425.000), Max=(X=2322.500 Y=-90.000 Z=1475.000) RuntimeGrid:None EditorOnly:0 RuntimeOnly:0 HLODRelevant:0
 |   |   |- Guid:F89A091B4D8904868F5448B202CAB832 BaseClass: NativeClass:/Script/Engine.StaticMeshActor Name:StaticMeshActor_UAID_3C7C3FBE881AC41902_2092812398 Label:3_levels_connected_by_spiral_staircase5 SpatiallyLoaded:1 Bounds:IsValid=true, Min=(X=-1970.000 Y=-1620.820 Z=8410.000), Max=(X=5030.000 Y=5340.820 Z=10420.000) RuntimeGrid:None EditorOnly:0 RuntimeOnly:0 HLODRelevant:1
 |   |- [+] Clusters:
 |   |   |- [+] [  0]
 |   |   |   |- Guid:74DFE09C48687BA9804C08A4F4DDFF49 BaseClass: NativeClass:/Script/Engine.StaticMeshActor Name:StaticMeshActor_UAID_0015830CBFEB901702_1859219139 Label:3_levels_connected_by_spiral_staircase SpatiallyLoaded:1 Bounds:IsValid=true, Min=(X=-1970.000 Y=-1620.820 Z=410.000), Max=(X=5030.000 Y=5340.820 Z=2420.000) RuntimeGrid:None EditorOnly:0 RuntimeOnly:0 HLODRelevant:1
 |   |   |- [+] [  1]
 |   |   |   |- Guid:61391D344900612A77DFC3BA3E354907 BaseClass: NativeClass:/Script/Engine.ExponentialHeightFog Name:ExponentialHeightFog_0 Label:ExponentialHeightFog SpatiallyLoaded:0 Bounds:IsValid=true, Min=(X=-5600.000 Y=-50.000 Z=-6850.000), Max=(X=-5600.000 Y=-50.000 Z=-6850.000) RuntimeGrid:None EditorOnly:0 RuntimeOnly:0 HLODRelevant:0 FolderPath:Lighting FolderGuid:0BA5F0A04EADB18E70D5B180D08FA34B
 |   |   |- [+] [  2]
 |   |   |   |- Guid:5FE7584649BB6F09265329A6C57CFD0D BaseClass: NativeClass:/Script/Engine.VolumetricCloud Name:VolumetricCloud_0 Label:VolumetricCloud SpatiallyLoaded:0 Bounds:IsValid=true, Min=(X=0.000 Y=0.000 Z=820.000), Max=(X=0.000 Y=0.000 Z=820.000) RuntimeGrid:None EditorOnly:0 RuntimeOnly:0 HLODRelevant:0 FolderPath:Lighting FolderGuid:0BA5F0A04EADB18E70D5B180D08FA34B
 |   |   |- [+] [  3]
 |   |   |   |- Guid:63CF1BB04266780B66D8388019561C8F BaseClass: NativeClass:/Script/Engine.StaticMeshActor Name:StaticMeshActor_UAID_3C7C3FBE881A281E02_1170195217 Label:3_levels_connected_by_spiral_staircase6 SpatiallyLoaded:1 Bounds:IsValid=true, Min=(X=-1970.000 Y=-1620.820 Z=10410.000), Max=(X=5030.000 Y=5340.820 Z=12420.000) RuntimeGrid:None EditorOnly:0 RuntimeOnly:0 HLODRelevant:1
 |   |   |- [+] [  4]
 |   |   |   |- Guid:DF54F163425E12171C05ABB15B03EB94 BaseClass: NativeClass:/Script/Engine.StaticMeshActor Name:StaticMeshActor_UAID_3C7C3FBE881A5D2002_2070825655 Label:PlataformaTorretas4 SpatiallyLoaded:1 Bounds:IsValid=true, Min=(X=367.500 Y=717.500 Z=19390.000), Max=(X=2692.500 Y=3042.500 Z=19390.000) RuntimeGrid:None EditorOnly:0 RuntimeOnly:0 HLODRelevant:1
 |   |   |- [+] [  5]
 |   |   |   |- Guid:6580EC08448906246763ED91AE3A302E BaseClass: NativeClass:/Script/Engine.StaticMeshActor Name:StaticMeshActor_UAID_3C7C3FBE881AC31902_2128532217 Label:3_levels_connected_by_spiral_staircase4 SpatiallyLoaded:1 Bounds:IsValid=true, Min=(X=-1970.000 Y=-1620.820 Z=6410.000), Max=(X=5030.000 Y=5340.820 Z=8420.000) RuntimeGrid:None EditorOnly:0 RuntimeOnly:0 HLODRelevant:1
 |   |   |- [+] [  6]
 |   |   |   |- Guid:59EE00534D1076B2CAECE8B512009178 BaseClass: NativeClass:/Script/Engine.StaticMeshActor Name:StaticMeshActor_UAID_3C7C3FBE881A5D2002_2142674656 Label:PlataformaTorretas1 SpatiallyLoaded:1 Bounds:IsValid=true, Min=(X=367.500 Y=717.500 Z=5390.000), Max=(X=2692.500 Y=3042.500 Z=5390.000) RuntimeGrid:None EditorOnly:0 RuntimeOnly:0 HLODRelevant:1
 |   |   |- [+] [  7]
 |   |   |   |- Guid:E2EF7954433A0FD5A860ADADFB31038E BaseClass: NativeClass:/Script/Engine.DirectionalLight Name:DirectionalLight_UAID_3C7C3FBE881A271E02_2089005040 Label:DirectionalLight2 SpatiallyLoaded:0 Bounds:IsValid=true, Min=(X=-4398046511104.000 Y=-4398046511104.000 Z=-4398046511104.000), Max=(X=4398046511104.000 Y=4398046511104.000 Z=4398046511104.000) RuntimeGrid:None EditorOnly:0 RuntimeOnly:0 HLODRelevant:0
 |   |   |- [+] [  8]
 |   |   |   |- Guid:500828634641A831E8D7E4BEE0FBBFC1 BaseClass: NativeClass:/Script/Engine.StaticMeshActor Name:StaticMeshActor_UAID_3C7C3FBE881A281E02_1628115224 Label:3_levels_connected_by_spiral_staircase11 SpatiallyLoaded:1 Bounds:IsValid=true, Min=(X=-1970.000 Y=-1620.820 Z=20410.000), Max=(X=5030.000 Y=5340.820 Z=22420.000) RuntimeGrid:None EditorOnly:0 RuntimeOnly:0 HLODRelevant:1
 |   |   |- [+] [  9]
 |   |   |   |- Guid:F89A091B4D8904868F5448B202CAB832 BaseClass: NativeClass:/Script/Engine.StaticMeshActor Name:StaticMeshActor_UAID_3C7C3FBE881AC41902_2092812398 Label:3_levels_connected_by_spiral_staircase5 SpatiallyLoaded:1 Bounds:IsValid=true, Min=(X=-1970.000 Y=-1620.820 Z=8410.000), Max=(X=5030.000 Y=5340.820 Z=10420.000) RuntimeGrid:None EditorOnly:0 RuntimeOnly:0 HLODRelevant:1
 |   |   |- [+] [ 10]
 |   |   |   |- Guid:B68A0C2F4115EF0807DCD5A2C74249A1 BaseClass: NativeClass:/Script/Engine.StaticMeshActor Name:StaticMeshActor_UAID_3C7C3FBE881AF42602_2085146569 Label:Cube2 SpatiallyLoaded:1 Bounds:IsValid=true, Min=(X=2554.746 Y=2568.965 Z=4270.000), Max=(X=3105.254 Y=2666.035 Z=4420.000) RuntimeGrid:None EditorOnly:0 RuntimeOnly:0 HLODRelevant:1
 |   |   |- [+] [ 11]
 |   |   |   |- Guid:D611841C44AA1DD793B0F6B6AED4F65A BaseClass: NativeClass:/Script/Engine.StaticMeshActor Name:StaticMeshActor_UAID_3C7C3FBE881AF52602_2027173748 Label:Cylinder2 SpatiallyLoaded:1 Bounds:IsValid=true, Min=(X=-2020.000 Y=-1690.000 Z=-40810.000), Max=(X=5080.000 Y=5410.000 Z=59190.000) RuntimeGrid:None EditorOnly:0 RuntimeOnly:0 HLODRelevant:0
 |   |   |- [+] [ 12]
 |   |   |   |- Guid:E5320C1B4FD9764CE7B54D8487AEC613 BaseClass: NativeClass:/Script/Engine.SkyLight Name:SkyLight_0 Label:SkyLight SpatiallyLoaded:0 Bounds:IsValid=true, Min=(X=1540.000 Y=550.000 Z=13920.000), Max=(X=1540.000 Y=550.000 Z=13920.000) RuntimeGrid:None EditorOnly:0 RuntimeOnly:0 HLODRelevant:0 FolderPath:Lighting FolderGuid:0BA5F0A04EADB18E70D5B180D08FA34B
 |   |   |- [+] [ 13]
 |   |   |   |- Guid:19F539224553BE3B25BDE5948D311574 BaseClass: NativeClass:/Script/Engine.StaticMeshActor Name:StaticMeshActor_UAID_3C7C3FBE881A281E02_1170197218 Label:3_levels_connected_by_spiral_staircase7 SpatiallyLoaded:1 Bounds:IsValid=true, Min=(X=-1970.000 Y=-1620.820 Z=16410.000), Max=(X=5030.000 Y=5340.820 Z=18420.000) RuntimeGrid:None EditorOnly:0 RuntimeOnly:0 HLODRelevant:1
 |   |   |- [+] [ 14]
 |   |   |   |- Guid:78CAF7514C7533F30BD2F19A017AAB65 BaseClass: NativeClass:/Script/Engine.StaticMeshActor Name:StaticMeshActor_0 Label:SM_Cube SpatiallyLoaded:1 Bounds:IsValid=true, Min=(X=10780.000 Y=0.000 Z=360.000), Max=(X=13780.000 Y=3500.000 Z=410.000) RuntimeGrid:None EditorOnly:0 RuntimeOnly:0 HLODRelevant:1 FolderPath:Playground FolderGuid:6C02BB504B69D1F3D7A624B130C18E5B
 |   |   |- [+] [ 15]
 |   |   |   |- Guid:F80776B747171573DE10AB9DE2843C90 BaseClass: NativeClass:/Script/Engine.StaticMeshActor Name:StaticMeshActor_UAID_3C7C3FBE881AF52602_1229618746 Label:Cube3 SpatiallyLoaded:1 Bounds:IsValid=true, Min=(X=2097.500 Y=-190.000 Z=1425.000), Max=(X=2322.500 Y=-90.000 Z=1475.000) RuntimeGrid:None EditorOnly:0 RuntimeOnly:0 HLODRelevant:0
 |   |   |- [+] [ 16]
 |   |   |   |- Guid:43EF7914478CF8F7B57808A2D3278F48 BaseClass: NativeClass:/Script/Engine.StaticMeshActor Name:StaticMeshActor_UAID_3C7C3FBE881A281E02_1170197219 Label:3_levels_connected_by_spiral_staircase8 SpatiallyLoaded:1 Bounds:IsValid=true, Min=(X=-1970.000 Y=-1620.820 Z=18410.000), Max=(X=5030.000 Y=5340.820 Z=20420.000) RuntimeGrid:None EditorOnly:0 RuntimeOnly:0 HLODRelevant:1
 |   |   |- [+] [ 17]
 |   |   |   |- Guid:2822C99C4EFE2BB1452DD9BCB1A76ECE BaseClass: NativeClass:/Script/Engine.StaticMeshActor Name:StaticMeshActor_UAID_3C7C3FBE881A281E02_1628119230 Label:3_levels_connected_by_spiral_staircase15 SpatiallyLoaded:1 Bounds:IsValid=true, Min=(X=-1970.000 Y=-1620.820 Z=22410.000), Max=(X=5030.000 Y=5340.820 Z=24420.000) RuntimeGrid:None EditorOnly:0 RuntimeOnly:0 HLODRelevant:1
 |   |   |- [+] [ 18]
 |   |   |   |- Guid:AB2CA53046DB426ABF864F99749E6F74 BaseClass: NativeClass:/Script/Engine.StaticMeshActor Name:StaticMeshActor_UAID_3C7C3FBE881AF82602_1700446277 Label:Cube4 SpatiallyLoaded:1 Bounds:IsValid=true, Min=(X=2556.465 Y=2019.246 Z=4270.000), Max=(X=2653.535 Y=2569.754 Z=4420.000) RuntimeGrid:None EditorOnly:0 RuntimeOnly:0 HLODRelevant:1
 |   |   |- [+] [ 19]
 |   |   |   |- Guid:D08051D64A2ACE115F161F8C58B90F63 BaseClass: NativeClass:/Script/Engine.StaticMeshActor Name:StaticMeshActor_UAID_3C7C3FBE881AF42602_1778308568 Label:Cube SpatiallyLoaded:1 Bounds:IsValid=true, Min=(X=2554.959 Y=1804.122 Z=4410.125), Max=(X=3305.041 Y=2675.878 Z=4419.875) RuntimeGrid:None EditorOnly:0 RuntimeOnly:0 HLODRelevant:1
 |   |   |- [+] [ 20]
 |   |   |   |- Guid:6CCAC41540428070D300C5989CB458DF BaseClass: NativeClass:/Script/Engine.StaticMeshActor Name:StaticMeshActor_UAID_3C7C3FBE881A281E02_1170199223 Label:3_levels_connected_by_spiral_staircase10 SpatiallyLoaded:1 Bounds:IsValid=true, Min=(X=-1970.000 Y=-1620.820 Z=12410.000), Max=(X=5030.000 Y=5340.820 Z=14420.000) RuntimeGrid:None EditorOnly:0 RuntimeOnly:0 HLODRelevant:1
 |   |   |- [+] [ 21]
 |   |   |   |- Guid:4F057D734649F7011B63BFAEEF6FF0F7 BaseClass:/Game/Blueprints/FallingZone.FallingZone_C NativeClass:/Script/Engine.Actor Name:FallingZone_C_UAID_3C7C3FBE881A912202_2063176922 Label:FallingZone SpatiallyLoaded:1 Bounds:IsValid=true, Min=(X=-8080.000 Y=-9600.000 Z=-4192.000), Max=(X=11120.000 Y=9600.000 Z=-4128.000) RuntimeGrid:None EditorOnly:0 RuntimeOnly:0 HLODRelevant:0
 |   |   |- [+] [ 22]
 |   |   |   |- Guid:8455846D4D0654EBC8D01791AE9BA0E9 BaseClass: NativeClass:/Script/Engine.StaticMeshActor Name:StaticMeshActor_UAID_3C7C3FBE881A5E2002_1161457834 Label:PlataformaTorretas3 SpatiallyLoaded:1 Bounds:IsValid=true, Min=(X=367.500 Y=717.500 Z=14410.000), Max=(X=2692.500 Y=3042.500 Z=14410.000) RuntimeGrid:None EditorOnly:0 RuntimeOnly:0 HLODRelevant:1
 |   |   |- [+] [ 23]
 |   |   |   |- Guid:C22CE07C4B87D685137FDBBC10FC92C6 BaseClass: NativeClass:/Script/Engine.SkyAtmosphere Name:SkyAtmosphere_0 Label:SkyAtmosphere SpatiallyLoaded:0 Bounds:IsValid=true, Min=(X=0.000 Y=0.000 Z=1020.000), Max=(X=0.000 Y=0.000 Z=1020.000) RuntimeGrid:None EditorOnly:0 RuntimeOnly:0 HLODRelevant:0 FolderPath:Lighting FolderGuid:0BA5F0A04EADB18E70D5B180D08FA34B
 |   |   |- [+] [ 24]
 |   |   |   |- Guid:0022AEBD405D59E56405B8867A93F835 BaseClass: NativeClass:/Script/Engine.StaticMeshActor Name:StaticMeshActor_UAID_3C7C3FBE881A281E02_1170199222 Label:3_levels_connected_by_spiral_staircase9 SpatiallyLoaded:1 Bounds:IsValid=true, Min=(X=-1970.000 Y=-1620.820 Z=14410.000), Max=(X=5030.000 Y=5340.820 Z=16420.000) RuntimeGrid:None EditorOnly:0 RuntimeOnly:0 HLODRelevant:1
 |   |   |- [+] [ 25]
 |   |   |   |- Guid:6FEFB3BD4EB37B849EF0D4AC80F83855 BaseClass: NativeClass:/Script/Engine.WorldDataLayers Name:WorldDataLayers Label:WorldDataLayers SpatiallyLoaded:0 Bounds:IsValid=true, Min=(X=0.000 Y=0.000 Z=0.000), Max=(X=0.000 Y=0.000 Z=0.000) RuntimeGrid:None EditorOnly:0 RuntimeOnly:0 HLODRelevant:0
 |   |   |- [+] [ 26]
 |   |   |   |- Guid:EE5F89A840576B92BFA94BB89CDFBE92 BaseClass: NativeClass:/Script/Engine.StaticMeshActor Name:StaticMeshActor_UAID_3C7C3FBE881A281E02_1628117227 Label:PlataformaTorretas5 SpatiallyLoaded:1 Bounds:IsValid=true, Min=(X=367.500 Y=717.500 Z=24410.000), Max=(X=2692.500 Y=3042.500 Z=24410.000) RuntimeGrid:None EditorOnly:0 RuntimeOnly:0 HLODRelevant:1
 |   |   |- [+] [ 27]
 |   |   |   |- Guid:E9B52DB24BF49E7544353092361C91CF BaseClass: NativeClass:/Script/Engine.StaticMeshActor Name:StaticMeshActor_UAID_3C7C3FBE881A5E2002_1127166833 Label:PlataformaTorretas2 SpatiallyLoaded:1 Bounds:IsValid=true, Min=(X=367.500 Y=717.500 Z=10390.000), Max=(X=2692.500 Y=3042.500 Z=10390.000) RuntimeGrid:None EditorOnly:0 RuntimeOnly:0 HLODRelevant:1
 |   |   |- [+] [ 28]
 |   |   |   |- Guid:D50EB5D64EF680431CCCEC92E511119A BaseClass: NativeClass:/Script/Engine.PlayerStart Name:PlayerStart_UAID_3C7C3FBE881A912202_1472106921 Label:PlayerStart SpatiallyLoaded:0 Bounds:IsValid=true, Min=(X=1540.000 Y=4060.000 Z=4438.000), Max=(X=1620.000 Y=4140.000 Z=4622.000) RuntimeGrid:None EditorOnly:0 RuntimeOnly:0 HLODRelevant:0
 |   |   |- [+] [ 29]
 |   |   |   |- Guid:1E01FB8E4EE10E4121FCB6A959ADEC0E BaseClass: NativeClass:/Script/Engine.StaticMeshActor Name:StaticMeshActor_UAID_3C7C3FBE881AC31902_2115473216 Label:3_levels_connected_by_spiral_staircase3 SpatiallyLoaded:1 Bounds:IsValid=true, Min=(X=-1970.000 Y=-1620.820 Z=4410.000), Max=(X=5030.000 Y=5340.820 Z=6420.000) RuntimeGrid:None EditorOnly:0 RuntimeOnly:0 HLODRelevant:1
 |   |   |- [+] [ 30]
 |   |   |   |- Guid:B374D92744E46CA92C85CF85324BCD24 BaseClass: NativeClass:/Script/Engine.StaticMeshActor Name:StaticMeshActor_UAID_3C7C3FBE881AC31902_2035776215 Label:3_levels_connected_by_spiral_staircase2 SpatiallyLoaded:1 Bounds:IsValid=true, Min=(X=-1970.000 Y=-1620.820 Z=2410.000), Max=(X=5030.000 Y=5340.820 Z=4420.000) RuntimeGrid:None EditorOnly:0 RuntimeOnly:0 HLODRelevant:1
 |   |   |- [+] [ 31]
 |   |   |   |- Guid:CE8D82634660FCDB3120E2B8D547C533 BaseClass: NativeClass:/Script/Engine.PostProcessVolume Name:PostProcessVolume_0 Label:PostProcessVolume SpatiallyLoaded:0 Bounds:IsValid=true, Min=(X=0.000 Y=530.000 Z=-1830.000), Max=(X=200.000 Y=730.000 Z=-1630.000) RuntimeGrid:None EditorOnly:0 RuntimeOnly:0 HLODRelevant:0 FolderPath:Lighting FolderGuid:0BA5F0A04EADB18E70D5B180D08FA34B
 |   |   |- [+] [ 32]
 |   |   |   |- Guid:35BE909B4710632275CD1B98736C2553 BaseClass:/Game/FirstPerson/Blueprints/Dash.Dash_C NativeClass:/Script/Engine.Actor Name:Dash_C_UAID_18C04DAB57475C2B02_2090058096 Label:Dash SpatiallyLoaded:1 Bounds:IsValid=true, Min=(X=1228.000 Y=3938.000 Z=4568.000), Max=(X=1292.000 Y=4002.000 Z=4632.000) RuntimeGrid:None EditorOnly:0 RuntimeOnly:0 HLODRelevant:0
 |- ContainerInstances:
 |- [+] MainContainer:
 |   |-        ID: 0x0000000000000000
 |   |-    Bounds: IsValid=false, Min=(X=0.000 Y=0.000 Z=0.000), Max=(X=0.000 Y=0.000 Z=0.000)
 |   |- Transform: 0.000000,0.000000,0.000000|0.000000,0.000000,-0.000000|1.000000,1.000000,1.000000
 |   |- Container: /Game/FirstPerson/Maps/FirstPersonMap
----------------------------------------------------------------------------------------------------------------
FirstPersonMap - Persistent Level
----------------------------------------------------------------------------------------------------------------
Always loaded Actor Count: 48 

----------------------------------------------------------------------------------------------------------------
FirstPersonMap - Runtime Spatial Hash - Streaming Grid - MainGrid
----------------------------------------------------------------------------------------------------------------
            Origin: X=0.000 Y=0.000 Z=0.000
         Cell Size: 12800
      World Bounds: IsValid=false, Min=(X=0.000 Y=0.000 Z=0.000), Max=(X=0.000 Y=0.000 Z=0.000)
     Loading Range: 25600.00
Block Slow Loading: No
 ClientOnlyVisible: No

[+] Grid Levels: 1
 |- Level  0: Cell Count    0 | Cell Size   12800 | Actor Count    0 (0.0%)

[+] Content of Grid Level 0

