[+] Containers:
 |- [+] Container: /Game/FirstPerson/Maps/FirstPersonMap
 |   |- [+] ActorDescs:
 |   |   |- Guid:0022AEBD405D59E56405B8867A93F835 BaseClass: NativeClass:/Script/Engine.StaticMeshActor Name:StaticMeshActor_UAID_3C7C3FBE881A281E02_1170199222 Label:3_levels_connected_by_spiral_staircase9 SpatiallyLoaded:1 Bounds:IsValid=true, Min=(X=-1970.000 Y=-1620.820 Z=14410.000), Max=(X=5030.000 Y=5340.820 Z=16420.000) RuntimeGrid:None EditorOnly:0 RuntimeOnly:0 HLODRelevant:1
 |   |   |- Guid:037FC9654B4CB32CD8649F8ED7F60230 BaseClass: NativeClass:/Script/Engine.StaticMeshActor Name:StaticMeshActor_UAID_18C04DAB5747C52F02_1698337801 Label:Cube6 SpatiallyLoaded:1 Bounds:IsValid=true, Min=(X=-220.000 Y=3130.000 Z=420.000), Max=(X=-20.000 Y=3330.000 Z=520.000) RuntimeGrid:None EditorOnly:0 RuntimeOnly:0 HLODRelevant:1
 |   |   |- Guid:04BECF2C4A1CEC21C23DBBA9E484D927 BaseClass: NativeClass:/Script/Engine.StaticMeshActor Name:StaticMeshActor_UAID_18C04DAB5747C52F02_1802724802 Label:Cube7 SpatiallyLoaded:1 Bounds:IsValid=true, Min=(X=-780.883 Y=2889.117 Z=412.500), Max=(X=-499.117 Y=3170.883 Z=687.500) RuntimeGrid:None EditorOnly:0 RuntimeOnly:0 HLODRelevant:1
 |   |   |- Guid:0E8CC42B4DB940BF5A83A59D00AC7879 BaseClass:/Game/FirstPerson/Blueprints/BP_Pickup_Rifle.BP_Pickup_Rifle_C NativeClass:/Script/Engine.Actor Name:BP_Pickup_Rifle_C_UAID_18C04DAB57475D2B02_1190577273 Label:BP_Pickup_Rifle SpatiallyLoaded:1 Bounds:IsValid=true, Min=(X=760.000 Y=3920.000 Z=4480.000), Max=(X=820.000 Y=4007.440 Z=4540.000) RuntimeGrid:None EditorOnly:0 RuntimeOnly:0 HLODRelevant:0
 |   |   |- Guid:114C0D264E13A5B3192B4FBFBC429330 BaseClass:/Game/Elementos/muros/NewBlueprint.NewBlueprint_C NativeClass:/Script/Engine.Actor Name:NewBlueprint_C_UAID_0015830CBFEBF71B02_1857253484 Label:NewBlueprint3 SpatiallyLoaded:1 Bounds:IsValid=true, Min=(X=1636.907 Y=384.556 Z=-110.000), Max=(X=1901.887 Y=888.604 Z=390.000) RuntimeGrid:None EditorOnly:0 RuntimeOnly:0 HLODRelevant:0
 |   |   |- Guid:191EBA3643C343D38DA51D82754C7DFB BaseClass: NativeClass:/Script/Engine.StaticMeshActor Name:StaticMeshActor_UAID_0015830CBFEBC31902_1096795219 Label:Cube4 SpatiallyLoaded:1 Bounds:IsValid=true, Min=(X=350.000 Y=2420.000 Z=-130.000), Max=(X=850.000 Y=2920.000 Z=370.000) RuntimeGrid:None EditorOnly:0 RuntimeOnly:0 HLODRelevant:1
 |   |   |- Guid:19F539224553BE3B25BDE5948D311574 BaseClass: NativeClass:/Script/Engine.StaticMeshActor Name:StaticMeshActor_UAID_3C7C3FBE881A281E02_1170197218 Label:3_levels_connected_by_spiral_staircase7 SpatiallyLoaded:1 Bounds:IsValid=true, Min=(X=-1970.000 Y=-1620.820 Z=16410.000), Max=(X=5030.000 Y=5340.820 Z=18420.000) RuntimeGrid:None EditorOnly:0 RuntimeOnly:0 HLODRelevant:1
 |   |   |- Guid:1B0DFB0B4AA9BA46BE952CA45088EA67 BaseClass:/Game/Elementos/muros/NewBlueprint.NewBlueprint_C NativeClass:/Script/Engine.Actor Name:NewBlueprint_C_UAID_0015830CBFEBF71B02_1865712485 Label:NewBlueprint4 SpatiallyLoaded:1 Bounds:IsValid=true, Min=(X=2150.359 Y=43.494 Z=-100.000), Max=(X=2486.962 Y=526.506 Z=400.000) RuntimeGrid:None EditorOnly:0 RuntimeOnly:0 HLODRelevant:0
 |   |   |- Guid:1BBF8DED4FF48DC49651A789B471C264 BaseClass: NativeClass:/Script/Engine.StaticMeshActor Name:StaticMeshActor_UAID_0015830CBFEBC21902_2121382040 Label:Cube SpatiallyLoaded:1 Bounds:IsValid=true, Min=(X=350.000 Y=1500.000 Z=-350.000), Max=(X=850.000 Y=2000.000 Z=150.000) RuntimeGrid:None EditorOnly:0 RuntimeOnly:0 HLODRelevant:1
 |   |   |- Guid:1CE2A41747B0337E3125AEA00C1A8895 BaseClass: NativeClass:/Script/Engine.PostProcessVolume Name:PostProcessVolume_UAID_0015830CBFEB912202_1415713922 Label:PostProcessVolume2 SpatiallyLoaded:0 Bounds:IsValid=true, Min=(X=1320.000 Y=1710.000 Z=200.000), Max=(X=1520.000 Y=1910.000 Z=400.000) RuntimeGrid:None EditorOnly:0 RuntimeOnly:0 HLODRelevant:0
 |   |   |- Guid:1E01FB8E4EE10E4121FCB6A959ADEC0E BaseClass: NativeClass:/Script/Engine.StaticMeshActor Name:StaticMeshActor_UAID_3C7C3FBE881AC31902_2115473216 Label:3_levels_connected_by_spiral_staircase3 SpatiallyLoaded:1 Bounds:IsValid=true, Min=(X=-1970.000 Y=-1620.820 Z=4410.000), Max=(X=5030.000 Y=5340.820 Z=6420.000) RuntimeGrid:None EditorOnly:0 RuntimeOnly:0 HLODRelevant:1
 |   |   |- Guid:2822C99C4EFE2BB1452DD9BCB1A76ECE BaseClass: NativeClass:/Script/Engine.StaticMeshActor Name:StaticMeshActor_UAID_3C7C3FBE881A281E02_1628119230 Label:3_levels_connected_by_spiral_staircase15 SpatiallyLoaded:1 Bounds:IsValid=true, Min=(X=-1970.000 Y=-1620.820 Z=22410.000), Max=(X=5030.000 Y=5340.820 Z=24420.000) RuntimeGrid:None EditorOnly:0 RuntimeOnly:0 HLODRelevant:1
 |   |   |- Guid:3918C20746302851C577FABFA106B75A BaseClass:/Game/FirstPerson/Blueprints/Jetpack.Jetpack_C NativeClass:/Script/Engine.Actor Name:Jetpack_C_UAID_18C04DAB57475E2B02_1117202451 Label:Jetpack SpatiallyLoaded:1 Bounds:IsValid=true, Min=(X=608.000 Y=3878.000 Z=4478.000), Max=(X=672.000 Y=3942.000 Z=4542.000) RuntimeGrid:None EditorOnly:0 RuntimeOnly:0 HLODRelevant:0
 |   |   |- Guid:43EF7914478CF8F7B57808A2D3278F48 BaseClass: NativeClass:/Script/Engine.StaticMeshActor Name:StaticMeshActor_UAID_3C7C3FBE881A281E02_1170197219 Label:3_levels_connected_by_spiral_staircase8 SpatiallyLoaded:1 Bounds:IsValid=true, Min=(X=-1970.000 Y=-1620.820 Z=18410.000), Max=(X=5030.000 Y=5340.820 Z=20420.000) RuntimeGrid:None EditorOnly:0 RuntimeOnly:0 HLODRelevant:1
 |   |   |- Guid:4C0CA54E4CC7B48A4C56C6B98DB1CDE0 BaseClass: NativeClass:/Script/Engine.StaticMeshActor Name:StaticMeshActor_UAID_18C04DAB5747C52F02_1991119803 Label:Cube8 SpatiallyLoaded:1 Bounds:IsValid=true, Min=(X=-460.883 Y=2549.117 Z=420.000), Max=(X=-179.117 Y=2830.883 Z=520.000) RuntimeGrid:None EditorOnly:0 RuntimeOnly:0 HLODRelevant:1
 |   |   |- Guid:4F057D734649F7011B63BFAEEF6FF0F7 BaseClass:/Game/Blueprints/FallingZone.FallingZone_C NativeClass:/Script/Engine.Actor Name:FallingZone_C_UAID_3C7C3FBE881A912202_2063176922 Label:FallingZone SpatiallyLoaded:1 Bounds:IsValid=true, Min=(X=-8080.000 Y=-9600.000 Z=-4192.000), Max=(X=11120.000 Y=9600.000 Z=-4128.000) RuntimeGrid:None EditorOnly:0 RuntimeOnly:0 HLODRelevant:0
 |   |   |- Guid:500828634641A831E8D7E4BEE0FBBFC1 BaseClass: NativeClass:/Script/Engine.StaticMeshActor Name:StaticMeshActor_UAID_3C7C3FBE881A281E02_1628115224 Label:3_levels_connected_by_spiral_staircase11 SpatiallyLoaded:1 Bounds:IsValid=true, Min=(X=-1970.000 Y=-1620.820 Z=20410.000), Max=(X=5030.000 Y=5340.820 Z=22420.000) RuntimeGrid:None EditorOnly:0 RuntimeOnly:0 HLODRelevant:1
 |   |   |- Guid:53E3166E435493A885A79B85AA404E63 BaseClass: NativeClass:/Script/Engine.StaticMeshActor Name:StaticMeshActor_UAID_0015830CBFEBC21902_2142152041 Label:Cube2 SpatiallyLoaded:1 Bounds:IsValid=true, Min=(X=500.000 Y=1220.000 Z=-110.000), Max=(X=700.000 Y=1420.000 Z=90.000) RuntimeGrid:None EditorOnly:0 RuntimeOnly:0 HLODRelevant:1
 |   |   |- Guid:59EE00534D1076B2CAECE8B512009178 BaseClass: NativeClass:/Script/Engine.StaticMeshActor Name:StaticMeshActor_UAID_3C7C3FBE881A5D2002_2142674656 Label:PlataformaTorretas1 SpatiallyLoaded:1 Bounds:IsValid=true, Min=(X=367.500 Y=717.500 Z=5390.000), Max=(X=2692.500 Y=3042.500 Z=5390.000) RuntimeGrid:None EditorOnly:0 RuntimeOnly:0 HLODRelevant:1
 |   |   |- Guid:5FE1E86341013196B3505BB2BBFC15A6 BaseClass: NativeClass:/Script/Engine.StaticMeshActor Name:StaticMeshActor_UAID_18C04DAB5747C52F02_1487448800 Label:Cube5 SpatiallyLoaded:1 Bounds:IsValid=true, Min=(X=778.410 Y=3538.340 Z=-235.000), Max=(X=1301.590 Y=4821.660 Z=1415.000) RuntimeGrid:None EditorOnly:0 RuntimeOnly:0 HLODRelevant:1
 |   |   |- Guid:5FE7584649BB6F09265329A6C57CFD0D BaseClass: NativeClass:/Script/Engine.VolumetricCloud Name:VolumetricCloud_0 Label:VolumetricCloud SpatiallyLoaded:0 Bounds:IsValid=true, Min=(X=0.000 Y=0.000 Z=820.000), Max=(X=0.000 Y=0.000 Z=820.000) RuntimeGrid:None EditorOnly:0 RuntimeOnly:0 HLODRelevant:0 FolderPath:Lighting FolderGuid:0BA5F0A04EADB18E70D5B180D08FA34B
 |   |   |- Guid:61391D344900612A77DFC3BA3E354907 BaseClass: NativeClass:/Script/Engine.ExponentialHeightFog Name:ExponentialHeightFog_0 Label:ExponentialHeightFog SpatiallyLoaded:0 Bounds:IsValid=true, Min=(X=-5600.000 Y=-50.000 Z=-6850.000), Max=(X=-5600.000 Y=-50.000 Z=-6850.000) RuntimeGrid:None EditorOnly:0 RuntimeOnly:0 HLODRelevant:0 FolderPath:Lighting FolderGuid:0BA5F0A04EADB18E70D5B180D08FA34B
 |   |   |- Guid:62FF032144A0B4E2E052D79F35FAA99F BaseClass:/Game/Elementos/muros/NewBlueprint.NewBlueprint_C NativeClass:/Script/Engine.Actor Name:NewBlueprint_C_UAID_0015830CBFEBF61B02_1644974306 Label:NewBlueprint2 SpatiallyLoaded:1 Bounds:IsValid=true, Min=(X=370.000 Y=580.000 Z=-120.000), Max=(X=870.000 Y=680.000 Z=380.000) RuntimeGrid:None EditorOnly:0 RuntimeOnly:0 HLODRelevant:0
 |   |   |- Guid:63575FD847C402CAA9B9FBB72A49B600 BaseClass:/Game/FirstPerson/Blueprints/BP_DoubleJump.BP_DoubleJump_C NativeClass:/Script/Engine.Actor Name:BP_DoubleJump_C_UAID_18C04DAB57475E2B02_1133027453 Label:BP_DoubleJump SpatiallyLoaded:1 Bounds:IsValid=true, Min=(X=908.000 Y=3918.000 Z=4458.000), Max=(X=972.000 Y=3982.000 Z=4522.000) RuntimeGrid:None EditorOnly:0 RuntimeOnly:0 HLODRelevant:0
 |   |   |- Guid:63CF1BB04266780B66D8388019561C8F BaseClass: NativeClass:/Script/Engine.StaticMeshActor Name:StaticMeshActor_UAID_3C7C3FBE881A281E02_1170195217 Label:3_levels_connected_by_spiral_staircase6 SpatiallyLoaded:1 Bounds:IsValid=true, Min=(X=-1970.000 Y=-1620.820 Z=10410.000), Max=(X=5030.000 Y=5340.820 Z=12420.000) RuntimeGrid:None EditorOnly:0 RuntimeOnly:0 HLODRelevant:1
 |   |   |- Guid:6580EC08448906246763ED91AE3A302E BaseClass: NativeClass:/Script/Engine.StaticMeshActor Name:StaticMeshActor_UAID_3C7C3FBE881AC31902_2128532217 Label:3_levels_connected_by_spiral_staircase4 SpatiallyLoaded:1 Bounds:IsValid=true, Min=(X=-1970.000 Y=-1620.820 Z=6410.000), Max=(X=5030.000 Y=5340.820 Z=8420.000) RuntimeGrid:None EditorOnly:0 RuntimeOnly:0 HLODRelevant:1
 |   |   |- Guid:6CCAC41540428070D300C5989CB458DF BaseClass: NativeClass:/Script/Engine.StaticMeshActor Name:StaticMeshActor_UAID_3C7C3FBE881A281E02_1170199223 Label:3_levels_connected_by_spiral_staircase10 SpatiallyLoaded:1 Bounds:IsValid=true, Min=(X=-1970.000 Y=-1620.820 Z=12410.000), Max=(X=5030.000 Y=5340.820 Z=14420.000) RuntimeGrid:None EditorOnly:0 RuntimeOnly:0 HLODRelevant:1
 |   |   |- Guid:6FEFB3BD4EB37B849EF0D4AC80F83855 BaseClass: NativeClass:/Script/Engine.WorldDataLayers Name:WorldDataLayers Label:WorldDataLayers SpatiallyLoaded:0 Bounds:IsValid=true, Min=(X=0.000 Y=0.000 Z=0.000), Max=(X=0.000 Y=0.000 Z=0.000) RuntimeGrid:None EditorOnly:0 RuntimeOnly:0 HLODRelevant:0
 |   |   |- Guid:715FC27B4D6E679D7BC0FEBEB7D6BA57 BaseClass:/Game/Elementos/trampolin/Trampolin.Trampolin_C NativeClass:/Script/Engine.Actor Name:Trampolin_C_UAID_0015830CBFEBC21902_1886680039 Label:Trampolin SpatiallyLoaded:1 Bounds:IsValid=true, Min=(X=588.397 Y=1670.000 Z=1.340), Max=(X=771.603 Y=1870.000 Z=118.660) RuntimeGrid:None EditorOnly:0 RuntimeOnly:0 HLODRelevant:0
 |   |   |- Guid:740D71A745EF194843E6759736E5C362 BaseClass: NativeClass:/Script/Engine.PlayerStart Name:PlayerStart_UAID_18C04DAB5747C52F02_1263910799 Label:PlayerStart2 SpatiallyLoaded:0 Bounds:IsValid=true, Min=(X=189.749 Y=3851.322 Z=418.316), Max=(X=302.455 Y=3964.029 Z=602.316) RuntimeGrid:None EditorOnly:0 RuntimeOnly:0 HLODRelevant:0
 |   |   |- Guid:74DFE09C48687BA9804C08A4F4DDFF49 BaseClass: NativeClass:/Script/Engine.StaticMeshActor Name:StaticMeshActor_UAID_0015830CBFEB901702_1859219139 Label:3_levels_connected_by_spiral_staircase SpatiallyLoaded:1 Bounds:IsValid=true, Min=(X=-1970.000 Y=-1620.820 Z=410.000), Max=(X=5030.000 Y=5340.820 Z=2420.000) RuntimeGrid:None EditorOnly:0 RuntimeOnly:0 HLODRelevant:1
 |   |   |- Guid:78CAF7514C7533F30BD2F19A017AAB65 BaseClass: NativeClass:/Script/Engine.StaticMeshActor Name:StaticMeshActor_0 Label:SM_Cube SpatiallyLoaded:1 Bounds:IsValid=true, Min=(X=10780.000 Y=0.000 Z=360.000), Max=(X=13780.000 Y=3500.000 Z=410.000) RuntimeGrid:None EditorOnly:0 RuntimeOnly:0 HLODRelevant:1 FolderPath:Playground FolderGuid:6C02BB504B69D1F3D7A624B130C18E5B
 |   |   |- Guid:7A1F104E4BE4DB4B6DA6DDBAEADBA46C BaseClass:/Game/FirstPerson/Blueprints/Dash.Dash_C NativeClass:/Script/Engine.Actor Name:Dash_C_UAID_18C04DAB57475E2B02_1121225452 Label:Dash SpatiallyLoaded:1 Bounds:IsValid=true, Min=(X=838.000 Y=3998.000 Z=4438.000), Max=(X=902.000 Y=4062.000 Z=4502.000) RuntimeGrid:None EditorOnly:0 RuntimeOnly:0 HLODRelevant:0
 |   |   |- Guid:8455846D4D0654EBC8D01791AE9BA0E9 BaseClass: NativeClass:/Script/Engine.StaticMeshActor Name:StaticMeshActor_UAID_3C7C3FBE881A5E2002_1161457834 Label:PlataformaTorretas3 SpatiallyLoaded:1 Bounds:IsValid=true, Min=(X=367.500 Y=717.500 Z=14410.000), Max=(X=2692.500 Y=3042.500 Z=14410.000) RuntimeGrid:None EditorOnly:0 RuntimeOnly:0 HLODRelevant:1
 |   |   |- Guid:8C9425E34F2F151E3A2404AF5D3784A6 BaseClass:/Game/FirstPerson/Blueprints/Velocidad.Velocidad_C NativeClass:/Script/Engine.Actor Name:Velocidad_C_UAID_F02F74218015C22F02_1218741271 Label:Velocidad SpatiallyLoaded:1 Bounds:IsValid=true, Min=(X=1930.000 Y=1450.000 Z=-480.000), Max=(X=2890.000 Y=2410.000 Z=480.000) RuntimeGrid:None EditorOnly:0 RuntimeOnly:0 HLODRelevant:0
 |   |   |- Guid:A0AAD5F34022343739C7D9BD53EA03ED BaseClass: NativeClass:/Script/Engine.StaticMeshActor Name:StaticMeshActor_UAID_0015830CBFEBC31902_1087837218 Label:Cube3 SpatiallyLoaded:1 Bounds:IsValid=true, Min=(X=500.000 Y=930.000 Z=-180.000), Max=(X=700.000 Y=1130.000 Z=20.000) RuntimeGrid:None EditorOnly:0 RuntimeOnly:0 HLODRelevant:1
 |   |   |- Guid:A1769DB24337E0A36FB08A80FF5377FD BaseClass: NativeClass:/Script/Engine.StaticMeshActor Name:StaticMeshActor_UAID_18C04DAB5747C52F02_2054120804 Label:Cube9 SpatiallyLoaded:1 Bounds:IsValid=true, Min=(X=-1130.883 Y=2579.117 Z=425.000), Max=(X=-849.117 Y=2860.883 Z=575.000) RuntimeGrid:None EditorOnly:0 RuntimeOnly:0 HLODRelevant:1
 |   |   |- Guid:AB2CA53046DB426ABF864F99749E6F74 BaseClass: NativeClass:/Script/Engine.StaticMeshActor Name:StaticMeshActor_UAID_3C7C3FBE881AF82602_1700446277 Label:Cube4 SpatiallyLoaded:1 Bounds:IsValid=true, Min=(X=2556.465 Y=2019.246 Z=4270.000), Max=(X=2653.535 Y=2569.754 Z=4420.000) RuntimeGrid:None EditorOnly:0 RuntimeOnly:0 HLODRelevant:1
 |   |   |- Guid:AC23991341A66F0BC49146844A13BF48 BaseClass:/Game/Elementos/trampolin/NewBlueprint.NewBlueprint_C NativeClass:/Script/Engine.Actor Name:NewBlueprint_C_UAID_0015830CBFEBC31902_1782070221 Label:NewBlueprint SpatiallyLoaded:1 Bounds:IsValid=true, Min=(X=164.000 Y=3293.507 Z=298.699), Max=(X=364.000 Y=3493.507 Z=398.699) RuntimeGrid:None EditorOnly:0 RuntimeOnly:0 HLODRelevant:0
 |   |   |- Guid:B374D92744E46CA92C85CF85324BCD24 BaseClass: NativeClass:/Script/Engine.StaticMeshActor Name:StaticMeshActor_UAID_3C7C3FBE881AC31902_2035776215 Label:3_levels_connected_by_spiral_staircase2 SpatiallyLoaded:1 Bounds:IsValid=true, Min=(X=-1970.000 Y=-1620.820 Z=2410.000), Max=(X=5030.000 Y=5340.820 Z=4420.000) RuntimeGrid:None EditorOnly:0 RuntimeOnly:0 HLODRelevant:1
 |   |   |- Guid:B68A0C2F4115EF0807DCD5A2C74249A1 BaseClass: NativeClass:/Script/Engine.StaticMeshActor Name:StaticMeshActor_UAID_3C7C3FBE881AF42602_2085146569 Label:Cube2 SpatiallyLoaded:1 Bounds:IsValid=true, Min=(X=2554.746 Y=2568.965 Z=4270.000), Max=(X=3105.254 Y=2666.035 Z=4420.000) RuntimeGrid:None EditorOnly:0 RuntimeOnly:0 HLODRelevant:1
 |   |   |- Guid:C107EDB94EB645BBF2F78689E55CB745 BaseClass:/Game/Elementos/trampolin/Trampolin.Trampolin_C NativeClass:/Script/Engine.Actor Name:Trampolin_C_UAID_0015830CBFEBC31902_1192143220 Label:Trampolin2 SpatiallyLoaded:1 Bounds:IsValid=true, Min=(X=340.000 Y=1500.000 Z=140.000), Max=(X=840.000 Y=2000.000 Z=160.000) RuntimeGrid:None EditorOnly:0 RuntimeOnly:0 HLODRelevant:0
 |   |   |- Guid:C22CE07C4B87D685137FDBBC10FC92C6 BaseClass: NativeClass:/Script/Engine.SkyAtmosphere Name:SkyAtmosphere_0 Label:SkyAtmosphere SpatiallyLoaded:0 Bounds:IsValid=true, Min=(X=0.000 Y=0.000 Z=1020.000), Max=(X=0.000 Y=0.000 Z=1020.000) RuntimeGrid:None EditorOnly:0 RuntimeOnly:0 HLODRelevant:0 FolderPath:Lighting FolderGuid:0BA5F0A04EADB18E70D5B180D08FA34B
 |   |   |- Guid:CE8D82634660FCDB3120E2B8D547C533 BaseClass: NativeClass:/Script/Engine.PostProcessVolume Name:PostProcessVolume_0 Label:PostProcessVolume SpatiallyLoaded:0 Bounds:IsValid=true, Min=(X=0.000 Y=530.000 Z=-1830.000), Max=(X=200.000 Y=730.000 Z=-1630.000) RuntimeGrid:None EditorOnly:0 RuntimeOnly:0 HLODRelevant:0 FolderPath:Lighting FolderGuid:0BA5F0A04EADB18E70D5B180D08FA34B
 |   |   |- Guid:D08051D64A2ACE115F161F8C58B90F63 BaseClass: NativeClass:/Script/Engine.StaticMeshActor Name:StaticMeshActor_UAID_3C7C3FBE881AF42602_1778308568 Label:Cube SpatiallyLoaded:1 Bounds:IsValid=true, Min=(X=2554.959 Y=1804.122 Z=4410.125), Max=(X=3305.041 Y=2675.878 Z=4419.875) RuntimeGrid:None EditorOnly:0 RuntimeOnly:0 HLODRelevant:1
 |   |   |- Guid:D611841C44AA1DD793B0F6B6AED4F65A BaseClass: NativeClass:/Script/Engine.StaticMeshActor Name:StaticMeshActor_UAID_3C7C3FBE881AF52602_2027173748 Label:Cylinder2 SpatiallyLoaded:1 Bounds:IsValid=true, Min=(X=-2020.000 Y=-1690.000 Z=-40810.000), Max=(X=5080.000 Y=5410.000 Z=59190.000) RuntimeGrid:None EditorOnly:0 RuntimeOnly:0 HLODRelevant:0
 |   |   |- Guid:DF54F163425E12171C05ABB15B03EB94 BaseClass: NativeClass:/Script/Engine.StaticMeshActor Name:StaticMeshActor_UAID_3C7C3FBE881A5D2002_2070825655 Label:PlataformaTorretas4 SpatiallyLoaded:1 Bounds:IsValid=true, Min=(X=367.500 Y=717.500 Z=19390.000), Max=(X=2692.500 Y=3042.500 Z=19390.000) RuntimeGrid:None EditorOnly:0 RuntimeOnly:0 HLODRelevant:1
 |   |   |- Guid:E03EAED94B132A2C487FFE8F5701EA4F BaseClass:/Game/Elementos/trampolin/Trampolin.Trampolin_C NativeClass:/Script/Engine.Actor Name:Trampolin_C_UAID_18C04DAB5747C62F02_1349330983 Label:Trampolin3 SpatiallyLoaded:1 Bounds:IsValid=true, Min=(X=-622.500 Y=2167.500 Z=810.000), Max=(X=-497.500 Y=2292.500 Z=830.000) RuntimeGrid:None EditorOnly:0 RuntimeOnly:0 HLODRelevant:0
 |   |   |- Guid:E2EF7954433A0FD5A860ADADFB31038E BaseClass: NativeClass:/Script/Engine.DirectionalLight Name:DirectionalLight_UAID_3C7C3FBE881A271E02_2089005040 Label:DirectionalLight2 SpatiallyLoaded:0 Bounds:IsValid=true, Min=(X=-4398046511104.000 Y=-4398046511104.000 Z=-4398046511104.000), Max=(X=4398046511104.000 Y=4398046511104.000 Z=4398046511104.000) RuntimeGrid:None EditorOnly:0 RuntimeOnly:0 HLODRelevant:0
 |   |   |- Guid:E5320C1B4FD9764CE7B54D8487AEC613 BaseClass: NativeClass:/Script/Engine.SkyLight Name:SkyLight_0 Label:SkyLight SpatiallyLoaded:0 Bounds:IsValid=true, Min=(X=1540.000 Y=550.000 Z=13920.000), Max=(X=1540.000 Y=550.000 Z=13920.000) RuntimeGrid:None EditorOnly:0 RuntimeOnly:0 HLODRelevant:0 FolderPath:Lighting FolderGuid:0BA5F0A04EADB18E70D5B180D08FA34B
 |   |   |- Guid:E7E51B264A0D8AF2C483AB9E72D52590 BaseClass:/Game/Elementos/hielo/hielo.hielo_C NativeClass:/Script/Engine.Actor Name:hielo_C_UAID_0015830CBFEBF51B02_1171333129 Label:hielo SpatiallyLoaded:1 Bounds:IsValid=true, Min=(X=1398.000 Y=2478.000 Z=418.000), Max=(X=2422.000 Y=3502.000 Z=482.000) RuntimeGrid:None EditorOnly:0 RuntimeOnly:0 HLODRelevant:0
 |   |   |- Guid:E7EEBC3A4BC4E5B784C3B1B3A40E4A62 BaseClass:/Game/Elementos/Cube5_Blueprint.Cube5_Blueprint_C NativeClass:/Script/Engine.StaticMeshActor Name:Cube5_Blueprint_C_UAID_F02F742180157E2D02_1611631192 Label:Cube5_Blueprint SpatiallyLoaded:1 Bounds:IsValid=true, Min=(X=2020.000 Y=1120.000 Z=-100.000), Max=(X=2120.000 Y=1220.000 Z=0.000) RuntimeGrid:None EditorOnly:0 RuntimeOnly:0 HLODRelevant:0
 |   |   |- Guid:E9B52DB24BF49E7544353092361C91CF BaseClass: NativeClass:/Script/Engine.StaticMeshActor Name:StaticMeshActor_UAID_3C7C3FBE881A5E2002_1127166833 Label:PlataformaTorretas2 SpatiallyLoaded:1 Bounds:IsValid=true, Min=(X=367.500 Y=717.500 Z=10390.000), Max=(X=2692.500 Y=3042.500 Z=10390.000) RuntimeGrid:None EditorOnly:0 RuntimeOnly:0 HLODRelevant:1
 |   |   |- Guid:EE5F89A840576B92BFA94BB89CDFBE92 BaseClass: NativeClass:/Script/Engine.StaticMeshActor Name:StaticMeshActor_UAID_3C7C3FBE881A281E02_1628117227 Label:PlataformaTorretas5 SpatiallyLoaded:1 Bounds:IsValid=true, Min=(X=367.500 Y=717.500 Z=24410.000), Max=(X=2692.500 Y=3042.500 Z=24410.000) RuntimeGrid:None EditorOnly:0 RuntimeOnly:0 HLODRelevant:1
 |   |   |- Guid:F80621C9446867154938FE81375207DA BaseClass: NativeClass:/Script/Engine.DirectionalLight Name:DirectionalLight_1 Label:DirectionalLight SpatiallyLoaded:0 Bounds:IsValid=true, Min=(X=-4398046511104.000 Y=-4398046511104.000 Z=-4398046511104.000), Max=(X=4398046511104.000 Y=4398046511104.000 Z=4398046511104.000) RuntimeGrid:None EditorOnly:0 RuntimeOnly:0 HLODRelevant:0 FolderPath:Lighting FolderGuid:0BA5F0A04EADB18E70D5B180D08FA34B
 |   |   |- Guid:F80776B747171573DE10AB9DE2843C90 BaseClass: NativeClass:/Script/Engine.StaticMeshActor Name:StaticMeshActor_UAID_3C7C3FBE881AF52602_1229618746 Label:Cube3 SpatiallyLoaded:1 Bounds:IsValid=true, Min=(X=2097.500 Y=-190.000 Z=1425.000), Max=(X=2322.500 Y=-90.000 Z=1475.000) RuntimeGrid:None EditorOnly:0 RuntimeOnly:0 HLODRelevant:0
 |   |   |- Guid:F89A091B4D8904868F5448B202CAB832 BaseClass: NativeClass:/Script/Engine.StaticMeshActor Name:StaticMeshActor_UAID_3C7C3FBE881AC41902_2092812398 Label:3_levels_connected_by_spiral_staircase5 SpatiallyLoaded:1 Bounds:IsValid=true, Min=(X=-1970.000 Y=-1620.820 Z=8410.000), Max=(X=5030.000 Y=5340.820 Z=10420.000) RuntimeGrid:None EditorOnly:0 RuntimeOnly:0 HLODRelevant:1
 |   |   |- Guid:FFB03B8446DC524B5D26A497E34283A2 BaseClass: NativeClass:/Script/Engine.StaticMeshActor Name:StaticMeshActor_UAID_18C04DAB5747C62F02_1127452982 Label:Cube10 SpatiallyLoaded:1 Bounds:IsValid=true, Min=(X=-1478.260 Y=1028.412 Z=265.000), Max=(X=-121.740 Y=1811.588 Z=915.000) RuntimeGrid:None EditorOnly:0 RuntimeOnly:0 HLODRelevant:1
 |   |- [+] Clusters:
 |   |   |- [+] [  0]
 |   |   |   |- Guid:74DFE09C48687BA9804C08A4F4DDFF49 BaseClass: NativeClass:/Script/Engine.StaticMeshActor Name:StaticMeshActor_UAID_0015830CBFEB901702_1859219139 Label:3_levels_connected_by_spiral_staircase SpatiallyLoaded:1 Bounds:IsValid=true, Min=(X=-1970.000 Y=-1620.820 Z=410.000), Max=(X=5030.000 Y=5340.820 Z=2420.000) RuntimeGrid:None EditorOnly:0 RuntimeOnly:0 HLODRelevant:1
 |   |   |- [+] [  1]
 |   |   |   |- Guid:61391D344900612A77DFC3BA3E354907 BaseClass: NativeClass:/Script/Engine.ExponentialHeightFog Name:ExponentialHeightFog_0 Label:ExponentialHeightFog SpatiallyLoaded:0 Bounds:IsValid=true, Min=(X=-5600.000 Y=-50.000 Z=-6850.000), Max=(X=-5600.000 Y=-50.000 Z=-6850.000) RuntimeGrid:None EditorOnly:0 RuntimeOnly:0 HLODRelevant:0 FolderPath:Lighting FolderGuid:0BA5F0A04EADB18E70D5B180D08FA34B
 |   |   |- [+] [  2]
 |   |   |   |- Guid:5FE7584649BB6F09265329A6C57CFD0D BaseClass: NativeClass:/Script/Engine.VolumetricCloud Name:VolumetricCloud_0 Label:VolumetricCloud SpatiallyLoaded:0 Bounds:IsValid=true, Min=(X=0.000 Y=0.000 Z=820.000), Max=(X=0.000 Y=0.000 Z=820.000) RuntimeGrid:None EditorOnly:0 RuntimeOnly:0 HLODRelevant:0 FolderPath:Lighting FolderGuid:0BA5F0A04EADB18E70D5B180D08FA34B
 |   |   |- [+] [  3]
 |   |   |   |- Guid:4C0CA54E4CC7B48A4C56C6B98DB1CDE0 BaseClass: NativeClass:/Script/Engine.StaticMeshActor Name:StaticMeshActor_UAID_18C04DAB5747C52F02_1991119803 Label:Cube8 SpatiallyLoaded:1 Bounds:IsValid=true, Min=(X=-460.883 Y=2549.117 Z=420.000), Max=(X=-179.117 Y=2830.883 Z=520.000) RuntimeGrid:None EditorOnly:0 RuntimeOnly:0 HLODRelevant:1
 |   |   |- [+] [  4]
 |   |   |   |- Guid:63CF1BB04266780B66D8388019561C8F BaseClass: NativeClass:/Script/Engine.StaticMeshActor Name:StaticMeshActor_UAID_3C7C3FBE881A281E02_1170195217 Label:3_levels_connected_by_spiral_staircase6 SpatiallyLoaded:1 Bounds:IsValid=true, Min=(X=-1970.000 Y=-1620.820 Z=10410.000), Max=(X=5030.000 Y=5340.820 Z=12420.000) RuntimeGrid:None EditorOnly:0 RuntimeOnly:0 HLODRelevant:1
 |   |   |- [+] [  5]
 |   |   |   |- Guid:AC23991341A66F0BC49146844A13BF48 BaseClass:/Game/Elementos/trampolin/NewBlueprint.NewBlueprint_C NativeClass:/Script/Engine.Actor Name:NewBlueprint_C_UAID_0015830CBFEBC31902_1782070221 Label:NewBlueprint SpatiallyLoaded:1 Bounds:IsValid=true, Min=(X=164.000 Y=3293.507 Z=298.699), Max=(X=364.000 Y=3493.507 Z=398.699) RuntimeGrid:None EditorOnly:0 RuntimeOnly:0 HLODRelevant:0
 |   |   |- [+] [  6]
 |   |   |   |- Guid:F80621C9446867154938FE81375207DA BaseClass: NativeClass:/Script/Engine.DirectionalLight Name:DirectionalLight_1 Label:DirectionalLight SpatiallyLoaded:0 Bounds:IsValid=true, Min=(X=-4398046511104.000 Y=-4398046511104.000 Z=-4398046511104.000), Max=(X=4398046511104.000 Y=4398046511104.000 Z=4398046511104.000) RuntimeGrid:None EditorOnly:0 RuntimeOnly:0 HLODRelevant:0 FolderPath:Lighting FolderGuid:0BA5F0A04EADB18E70D5B180D08FA34B
 |   |   |- [+] [  7]
 |   |   |   |- Guid:62FF032144A0B4E2E052D79F35FAA99F BaseClass:/Game/Elementos/muros/NewBlueprint.NewBlueprint_C NativeClass:/Script/Engine.Actor Name:NewBlueprint_C_UAID_0015830CBFEBF61B02_1644974306 Label:NewBlueprint2 SpatiallyLoaded:1 Bounds:IsValid=true, Min=(X=370.000 Y=580.000 Z=-120.000), Max=(X=870.000 Y=680.000 Z=380.000) RuntimeGrid:None EditorOnly:0 RuntimeOnly:0 HLODRelevant:0
 |   |   |- [+] [  8]
 |   |   |   |- Guid:DF54F163425E12171C05ABB15B03EB94 BaseClass: NativeClass:/Script/Engine.StaticMeshActor Name:StaticMeshActor_UAID_3C7C3FBE881A5D2002_2070825655 Label:PlataformaTorretas4 SpatiallyLoaded:1 Bounds:IsValid=true, Min=(X=367.500 Y=717.500 Z=19390.000), Max=(X=2692.500 Y=3042.500 Z=19390.000) RuntimeGrid:None EditorOnly:0 RuntimeOnly:0 HLODRelevant:1
 |   |   |- [+] [  9]
 |   |   |   |- Guid:FFB03B8446DC524B5D26A497E34283A2 BaseClass: NativeClass:/Script/Engine.StaticMeshActor Name:StaticMeshActor_UAID_18C04DAB5747C62F02_1127452982 Label:Cube10 SpatiallyLoaded:1 Bounds:IsValid=true, Min=(X=-1478.260 Y=1028.412 Z=265.000), Max=(X=-121.740 Y=1811.588 Z=915.000) RuntimeGrid:None EditorOnly:0 RuntimeOnly:0 HLODRelevant:1
 |   |   |- [+] [ 10]
 |   |   |   |- Guid:6580EC08448906246763ED91AE3A302E BaseClass: NativeClass:/Script/Engine.StaticMeshActor Name:StaticMeshActor_UAID_3C7C3FBE881AC31902_2128532217 Label:3_levels_connected_by_spiral_staircase4 SpatiallyLoaded:1 Bounds:IsValid=true, Min=(X=-1970.000 Y=-1620.820 Z=6410.000), Max=(X=5030.000 Y=5340.820 Z=8420.000) RuntimeGrid:None EditorOnly:0 RuntimeOnly:0 HLODRelevant:1
 |   |   |- [+] [ 11]
 |   |   |   |- Guid:8C9425E34F2F151E3A2404AF5D3784A6 BaseClass:/Game/FirstPerson/Blueprints/Velocidad.Velocidad_C NativeClass:/Script/Engine.Actor Name:Velocidad_C_UAID_F02F74218015C22F02_1218741271 Label:Velocidad SpatiallyLoaded:1 Bounds:IsValid=true, Min=(X=1930.000 Y=1450.000 Z=-480.000), Max=(X=2890.000 Y=2410.000 Z=480.000) RuntimeGrid:None EditorOnly:0 RuntimeOnly:0 HLODRelevant:0
 |   |   |- [+] [ 12]
 |   |   |   |- Guid:59EE00534D1076B2CAECE8B512009178 BaseClass: NativeClass:/Script/Engine.StaticMeshActor Name:StaticMeshActor_UAID_3C7C3FBE881A5D2002_2142674656 Label:PlataformaTorretas1 SpatiallyLoaded:1 Bounds:IsValid=true, Min=(X=367.500 Y=717.500 Z=5390.000), Max=(X=2692.500 Y=3042.500 Z=5390.000) RuntimeGrid:None EditorOnly:0 RuntimeOnly:0 HLODRelevant:1
 |   |   |- [+] [ 13]
 |   |   |   |- Guid:5FE1E86341013196B3505BB2BBFC15A6 BaseClass: NativeClass:/Script/Engine.StaticMeshActor Name:StaticMeshActor_UAID_18C04DAB5747C52F02_1487448800 Label:Cube5 SpatiallyLoaded:1 Bounds:IsValid=true, Min=(X=778.410 Y=3538.340 Z=-235.000), Max=(X=1301.590 Y=4821.660 Z=1415.000) RuntimeGrid:None EditorOnly:0 RuntimeOnly:0 HLODRelevant:1
 |   |   |- [+] [ 14]
 |   |   |   |- Guid:E2EF7954433A0FD5A860ADADFB31038E BaseClass: NativeClass:/Script/Engine.DirectionalLight Name:DirectionalLight_UAID_3C7C3FBE881A271E02_2089005040 Label:DirectionalLight2 SpatiallyLoaded:0 Bounds:IsValid=true, Min=(X=-4398046511104.000 Y=-4398046511104.000 Z=-4398046511104.000), Max=(X=4398046511104.000 Y=4398046511104.000 Z=4398046511104.000) RuntimeGrid:None EditorOnly:0 RuntimeOnly:0 HLODRelevant:0
 |   |   |- [+] [ 15]
 |   |   |   |- Guid:E03EAED94B132A2C487FFE8F5701EA4F BaseClass:/Game/Elementos/trampolin/Trampolin.Trampolin_C NativeClass:/Script/Engine.Actor Name:Trampolin_C_UAID_18C04DAB5747C62F02_1349330983 Label:Trampolin3 SpatiallyLoaded:1 Bounds:IsValid=true, Min=(X=-622.500 Y=2167.500 Z=810.000), Max=(X=-497.500 Y=2292.500 Z=830.000) RuntimeGrid:None EditorOnly:0 RuntimeOnly:0 HLODRelevant:0
 |   |   |- [+] [ 16]
 |   |   |   |- Guid:500828634641A831E8D7E4BEE0FBBFC1 BaseClass: NativeClass:/Script/Engine.StaticMeshActor Name:StaticMeshActor_UAID_3C7C3FBE881A281E02_1628115224 Label:3_levels_connected_by_spiral_staircase11 SpatiallyLoaded:1 Bounds:IsValid=true, Min=(X=-1970.000 Y=-1620.820 Z=20410.000), Max=(X=5030.000 Y=5340.820 Z=22420.000) RuntimeGrid:None EditorOnly:0 RuntimeOnly:0 HLODRelevant:1
 |   |   |- [+] [ 17]
 |   |   |   |- Guid:F89A091B4D8904868F5448B202CAB832 BaseClass: NativeClass:/Script/Engine.StaticMeshActor Name:StaticMeshActor_UAID_3C7C3FBE881AC41902_2092812398 Label:3_levels_connected_by_spiral_staircase5 SpatiallyLoaded:1 Bounds:IsValid=true, Min=(X=-1970.000 Y=-1620.820 Z=8410.000), Max=(X=5030.000 Y=5340.820 Z=10420.000) RuntimeGrid:None EditorOnly:0 RuntimeOnly:0 HLODRelevant:1
 |   |   |- [+] [ 18]
 |   |   |   |- Guid:B68A0C2F4115EF0807DCD5A2C74249A1 BaseClass: NativeClass:/Script/Engine.StaticMeshActor Name:StaticMeshActor_UAID_3C7C3FBE881AF42602_2085146569 Label:Cube2 SpatiallyLoaded:1 Bounds:IsValid=true, Min=(X=2554.746 Y=2568.965 Z=4270.000), Max=(X=3105.254 Y=2666.035 Z=4420.000) RuntimeGrid:None EditorOnly:0 RuntimeOnly:0 HLODRelevant:1
 |   |   |- [+] [ 19]
 |   |   |   |- Guid:D611841C44AA1DD793B0F6B6AED4F65A BaseClass: NativeClass:/Script/Engine.StaticMeshActor Name:StaticMeshActor_UAID_3C7C3FBE881AF52602_2027173748 Label:Cylinder2 SpatiallyLoaded:1 Bounds:IsValid=true, Min=(X=-2020.000 Y=-1690.000 Z=-40810.000), Max=(X=5080.000 Y=5410.000 Z=59190.000) RuntimeGrid:None EditorOnly:0 RuntimeOnly:0 HLODRelevant:0
 |   |   |- [+] [ 20]
 |   |   |   |- Guid:04BECF2C4A1CEC21C23DBBA9E484D927 BaseClass: NativeClass:/Script/Engine.StaticMeshActor Name:StaticMeshActor_UAID_18C04DAB5747C52F02_1802724802 Label:Cube7 SpatiallyLoaded:1 Bounds:IsValid=true, Min=(X=-780.883 Y=2889.117 Z=412.500), Max=(X=-499.117 Y=3170.883 Z=687.500) RuntimeGrid:None EditorOnly:0 RuntimeOnly:0 HLODRelevant:1
 |   |   |- [+] [ 21]
 |   |   |   |- Guid:E5320C1B4FD9764CE7B54D8487AEC613 BaseClass: NativeClass:/Script/Engine.SkyLight Name:SkyLight_0 Label:SkyLight SpatiallyLoaded:0 Bounds:IsValid=true, Min=(X=1540.000 Y=550.000 Z=13920.000), Max=(X=1540.000 Y=550.000 Z=13920.000) RuntimeGrid:None EditorOnly:0 RuntimeOnly:0 HLODRelevant:0 FolderPath:Lighting FolderGuid:0BA5F0A04EADB18E70D5B180D08FA34B
 |   |   |- [+] [ 22]
 |   |   |   |- Guid:19F539224553BE3B25BDE5948D311574 BaseClass: NativeClass:/Script/Engine.StaticMeshActor Name:StaticMeshActor_UAID_3C7C3FBE881A281E02_1170197218 Label:3_levels_connected_by_spiral_staircase7 SpatiallyLoaded:1 Bounds:IsValid=true, Min=(X=-1970.000 Y=-1620.820 Z=16410.000), Max=(X=5030.000 Y=5340.820 Z=18420.000) RuntimeGrid:None EditorOnly:0 RuntimeOnly:0 HLODRelevant:1
 |   |   |- [+] [ 23]
 |   |   |   |- Guid:114C0D264E13A5B3192B4FBFBC429330 BaseClass:/Game/Elementos/muros/NewBlueprint.NewBlueprint_C NativeClass:/Script/Engine.Actor Name:NewBlueprint_C_UAID_0015830CBFEBF71B02_1857253484 Label:NewBlueprint3 SpatiallyLoaded:1 Bounds:IsValid=true, Min=(X=1636.907 Y=384.556 Z=-110.000), Max=(X=1901.887 Y=888.604 Z=390.000) RuntimeGrid:None EditorOnly:0 RuntimeOnly:0 HLODRelevant:0
 |   |   |- [+] [ 24]
 |   |   |   |- Guid:78CAF7514C7533F30BD2F19A017AAB65 BaseClass: NativeClass:/Script/Engine.StaticMeshActor Name:StaticMeshActor_0 Label:SM_Cube SpatiallyLoaded:1 Bounds:IsValid=true, Min=(X=10780.000 Y=0.000 Z=360.000), Max=(X=13780.000 Y=3500.000 Z=410.000) RuntimeGrid:None EditorOnly:0 RuntimeOnly:0 HLODRelevant:1 FolderPath:Playground FolderGuid:6C02BB504B69D1F3D7A624B130C18E5B
 |   |   |- [+] [ 25]
 |   |   |   |- Guid:F80776B747171573DE10AB9DE2843C90 BaseClass: NativeClass:/Script/Engine.StaticMeshActor Name:StaticMeshActor_UAID_3C7C3FBE881AF52602_1229618746 Label:Cube3 SpatiallyLoaded:1 Bounds:IsValid=true, Min=(X=2097.500 Y=-190.000 Z=1425.000), Max=(X=2322.500 Y=-90.000 Z=1475.000) RuntimeGrid:None EditorOnly:0 RuntimeOnly:0 HLODRelevant:0
 |   |   |- [+] [ 26]
 |   |   |   |- Guid:3918C20746302851C577FABFA106B75A BaseClass:/Game/FirstPerson/Blueprints/Jetpack.Jetpack_C NativeClass:/Script/Engine.Actor Name:Jetpack_C_UAID_18C04DAB57475E2B02_1117202451 Label:Jetpack SpatiallyLoaded:1 Bounds:IsValid=true, Min=(X=608.000 Y=3878.000 Z=4478.000), Max=(X=672.000 Y=3942.000 Z=4542.000) RuntimeGrid:None EditorOnly:0 RuntimeOnly:0 HLODRelevant:0
 |   |   |- [+] [ 27]
 |   |   |   |- Guid:0E8CC42B4DB940BF5A83A59D00AC7879 BaseClass:/Game/FirstPerson/Blueprints/BP_Pickup_Rifle.BP_Pickup_Rifle_C NativeClass:/Script/Engine.Actor Name:BP_Pickup_Rifle_C_UAID_18C04DAB57475D2B02_1190577273 Label:BP_Pickup_Rifle SpatiallyLoaded:1 Bounds:IsValid=true, Min=(X=760.000 Y=3920.000 Z=4480.000), Max=(X=820.000 Y=4007.440 Z=4540.000) RuntimeGrid:None EditorOnly:0 RuntimeOnly:0 HLODRelevant:0
 |   |   |- [+] [ 28]
 |   |   |   |- Guid:43EF7914478CF8F7B57808A2D3278F48 BaseClass: NativeClass:/Script/Engine.StaticMeshActor Name:StaticMeshActor_UAID_3C7C3FBE881A281E02_1170197219 Label:3_levels_connected_by_spiral_staircase8 SpatiallyLoaded:1 Bounds:IsValid=true, Min=(X=-1970.000 Y=-1620.820 Z=18410.000), Max=(X=5030.000 Y=5340.820 Z=20420.000) RuntimeGrid:None EditorOnly:0 RuntimeOnly:0 HLODRelevant:1
 |   |   |- [+] [ 29]
 |   |   |   |- Guid:2822C99C4EFE2BB1452DD9BCB1A76ECE BaseClass: NativeClass:/Script/Engine.StaticMeshActor Name:StaticMeshActor_UAID_3C7C3FBE881A281E02_1628119230 Label:3_levels_connected_by_spiral_staircase15 SpatiallyLoaded:1 Bounds:IsValid=true, Min=(X=-1970.000 Y=-1620.820 Z=22410.000), Max=(X=5030.000 Y=5340.820 Z=24420.000) RuntimeGrid:None EditorOnly:0 RuntimeOnly:0 HLODRelevant:1
 |   |   |- [+] [ 30]
 |   |   |   |- Guid:A1769DB24337E0A36FB08A80FF5377FD BaseClass: NativeClass:/Script/Engine.StaticMeshActor Name:StaticMeshActor_UAID_18C04DAB5747C52F02_2054120804 Label:Cube9 SpatiallyLoaded:1 Bounds:IsValid=true, Min=(X=-1130.883 Y=2579.117 Z=425.000), Max=(X=-849.117 Y=2860.883 Z=575.000) RuntimeGrid:None EditorOnly:0 RuntimeOnly:0 HLODRelevant:1
 |   |   |- [+] [ 31]
 |   |   |   |- Guid:1BBF8DED4FF48DC49651A789B471C264 BaseClass: NativeClass:/Script/Engine.StaticMeshActor Name:StaticMeshActor_UAID_0015830CBFEBC21902_2121382040 Label:Cube SpatiallyLoaded:1 Bounds:IsValid=true, Min=(X=350.000 Y=1500.000 Z=-350.000), Max=(X=850.000 Y=2000.000 Z=150.000) RuntimeGrid:None EditorOnly:0 RuntimeOnly:0 HLODRelevant:1
 |   |   |- [+] [ 32]
 |   |   |   |- Guid:AB2CA53046DB426ABF864F99749E6F74 BaseClass: NativeClass:/Script/Engine.StaticMeshActor Name:StaticMeshActor_UAID_3C7C3FBE881AF82602_1700446277 Label:Cube4 SpatiallyLoaded:1 Bounds:IsValid=true, Min=(X=2556.465 Y=2019.246 Z=4270.000), Max=(X=2653.535 Y=2569.754 Z=4420.000) RuntimeGrid:None EditorOnly:0 RuntimeOnly:0 HLODRelevant:1
 |   |   |- [+] [ 33]
 |   |   |   |- Guid:D08051D64A2ACE115F161F8C58B90F63 BaseClass: NativeClass:/Script/Engine.StaticMeshActor Name:StaticMeshActor_UAID_3C7C3FBE881AF42602_1778308568 Label:Cube SpatiallyLoaded:1 Bounds:IsValid=true, Min=(X=2554.959 Y=1804.122 Z=4410.125), Max=(X=3305.041 Y=2675.878 Z=4419.875) RuntimeGrid:None EditorOnly:0 RuntimeOnly:0 HLODRelevant:1
 |   |   |- [+] [ 34]
 |   |   |   |- Guid:6CCAC41540428070D300C5989CB458DF BaseClass: NativeClass:/Script/Engine.StaticMeshActor Name:StaticMeshActor_UAID_3C7C3FBE881A281E02_1170199223 Label:3_levels_connected_by_spiral_staircase10 SpatiallyLoaded:1 Bounds:IsValid=true, Min=(X=-1970.000 Y=-1620.820 Z=12410.000), Max=(X=5030.000 Y=5340.820 Z=14420.000) RuntimeGrid:None EditorOnly:0 RuntimeOnly:0 HLODRelevant:1
 |   |   |- [+] [ 35]
 |   |   |   |- Guid:4F057D734649F7011B63BFAEEF6FF0F7 BaseClass:/Game/Blueprints/FallingZone.FallingZone_C NativeClass:/Script/Engine.Actor Name:FallingZone_C_UAID_3C7C3FBE881A912202_2063176922 Label:FallingZone SpatiallyLoaded:1 Bounds:IsValid=true, Min=(X=-8080.000 Y=-9600.000 Z=-4192.000), Max=(X=11120.000 Y=9600.000 Z=-4128.000) RuntimeGrid:None EditorOnly:0 RuntimeOnly:0 HLODRelevant:0
 |   |   |- [+] [ 36]
 |   |   |   |- Guid:C107EDB94EB645BBF2F78689E55CB745 BaseClass:/Game/Elementos/trampolin/Trampolin.Trampolin_C NativeClass:/Script/Engine.Actor Name:Trampolin_C_UAID_0015830CBFEBC31902_1192143220 Label:Trampolin2 SpatiallyLoaded:1 Bounds:IsValid=true, Min=(X=340.000 Y=1500.000 Z=140.000), Max=(X=840.000 Y=2000.000 Z=160.000) RuntimeGrid:None EditorOnly:0 RuntimeOnly:0 HLODRelevant:0
 |   |   |- [+] [ 37]
 |   |   |   |- Guid:63575FD847C402CAA9B9FBB72A49B600 BaseClass:/Game/FirstPerson/Blueprints/BP_DoubleJump.BP_DoubleJump_C NativeClass:/Script/Engine.Actor Name:BP_DoubleJump_C_UAID_18C04DAB57475E2B02_1133027453 Label:BP_DoubleJump SpatiallyLoaded:1 Bounds:IsValid=true, Min=(X=908.000 Y=3918.000 Z=4458.000), Max=(X=972.000 Y=3982.000 Z=4522.000) RuntimeGrid:None EditorOnly:0 RuntimeOnly:0 HLODRelevant:0
 |   |   |- [+] [ 38]
 |   |   |   |- Guid:8455846D4D0654EBC8D01791AE9BA0E9 BaseClass: NativeClass:/Script/Engine.StaticMeshActor Name:StaticMeshActor_UAID_3C7C3FBE881A5E2002_1161457834 Label:PlataformaTorretas3 SpatiallyLoaded:1 Bounds:IsValid=true, Min=(X=367.500 Y=717.500 Z=14410.000), Max=(X=2692.500 Y=3042.500 Z=14410.000) RuntimeGrid:None EditorOnly:0 RuntimeOnly:0 HLODRelevant:1
 |   |   |- [+] [ 39]
 |   |   |   |- Guid:191EBA3643C343D38DA51D82754C7DFB BaseClass: NativeClass:/Script/Engine.StaticMeshActor Name:StaticMeshActor_UAID_0015830CBFEBC31902_1096795219 Label:Cube4 SpatiallyLoaded:1 Bounds:IsValid=true, Min=(X=350.000 Y=2420.000 Z=-130.000), Max=(X=850.000 Y=2920.000 Z=370.000) RuntimeGrid:None EditorOnly:0 RuntimeOnly:0 HLODRelevant:1
 |   |   |- [+] [ 40]
 |   |   |   |- Guid:E7EEBC3A4BC4E5B784C3B1B3A40E4A62 BaseClass:/Game/Elementos/Cube5_Blueprint.Cube5_Blueprint_C NativeClass:/Script/Engine.StaticMeshActor Name:Cube5_Blueprint_C_UAID_F02F742180157E2D02_1611631192 Label:Cube5_Blueprint SpatiallyLoaded:1 Bounds:IsValid=true, Min=(X=2020.000 Y=1120.000 Z=-100.000), Max=(X=2120.000 Y=1220.000 Z=0.000) RuntimeGrid:None EditorOnly:0 RuntimeOnly:0 HLODRelevant:0
 |   |   |- [+] [ 41]
 |   |   |   |- Guid:715FC27B4D6E679D7BC0FEBEB7D6BA57 BaseClass:/Game/Elementos/trampolin/Trampolin.Trampolin_C NativeClass:/Script/Engine.Actor Name:Trampolin_C_UAID_0015830CBFEBC21902_1886680039 Label:Trampolin SpatiallyLoaded:1 Bounds:IsValid=true, Min=(X=588.397 Y=1670.000 Z=1.340), Max=(X=771.603 Y=1870.000 Z=118.660) RuntimeGrid:None EditorOnly:0 RuntimeOnly:0 HLODRelevant:0
 |   |   |- [+] [ 42]
 |   |   |   |- Guid:53E3166E435493A885A79B85AA404E63 BaseClass: NativeClass:/Script/Engine.StaticMeshActor Name:StaticMeshActor_UAID_0015830CBFEBC21902_2142152041 Label:Cube2 SpatiallyLoaded:1 Bounds:IsValid=true, Min=(X=500.000 Y=1220.000 Z=-110.000), Max=(X=700.000 Y=1420.000 Z=90.000) RuntimeGrid:None EditorOnly:0 RuntimeOnly:0 HLODRelevant:1
 |   |   |- [+] [ 43]
 |   |   |   |- Guid:A0AAD5F34022343739C7D9BD53EA03ED BaseClass: NativeClass:/Script/Engine.StaticMeshActor Name:StaticMeshActor_UAID_0015830CBFEBC31902_1087837218 Label:Cube3 SpatiallyLoaded:1 Bounds:IsValid=true, Min=(X=500.000 Y=930.000 Z=-180.000), Max=(X=700.000 Y=1130.000 Z=20.000) RuntimeGrid:None EditorOnly:0 RuntimeOnly:0 HLODRelevant:1
 |   |   |- [+] [ 44]
 |   |   |   |- Guid:740D71A745EF194843E6759736E5C362 BaseClass: NativeClass:/Script/Engine.PlayerStart Name:PlayerStart_UAID_18C04DAB5747C52F02_1263910799 Label:PlayerStart2 SpatiallyLoaded:0 Bounds:IsValid=true, Min=(X=189.749 Y=3851.322 Z=418.316), Max=(X=302.455 Y=3964.029 Z=602.316) RuntimeGrid:None EditorOnly:0 RuntimeOnly:0 HLODRelevant:0
 |   |   |- [+] [ 45]
 |   |   |   |- Guid:C22CE07C4B87D685137FDBBC10FC92C6 BaseClass: NativeClass:/Script/Engine.SkyAtmosphere Name:SkyAtmosphere_0 Label:SkyAtmosphere SpatiallyLoaded:0 Bounds:IsValid=true, Min=(X=0.000 Y=0.000 Z=1020.000), Max=(X=0.000 Y=0.000 Z=1020.000) RuntimeGrid:None EditorOnly:0 RuntimeOnly:0 HLODRelevant:0 FolderPath:Lighting FolderGuid:0BA5F0A04EADB18E70D5B180D08FA34B
 |   |   |- [+] [ 46]
 |   |   |   |- Guid:0022AEBD405D59E56405B8867A93F835 BaseClass: NativeClass:/Script/Engine.StaticMeshActor Name:StaticMeshActor_UAID_3C7C3FBE881A281E02_1170199222 Label:3_levels_connected_by_spiral_staircase9 SpatiallyLoaded:1 Bounds:IsValid=true, Min=(X=-1970.000 Y=-1620.820 Z=14410.000), Max=(X=5030.000 Y=5340.820 Z=16420.000) RuntimeGrid:None EditorOnly:0 RuntimeOnly:0 HLODRelevant:1
 |   |   |- [+] [ 47]
 |   |   |   |- Guid:6FEFB3BD4EB37B849EF0D4AC80F83855 BaseClass: NativeClass:/Script/Engine.WorldDataLayers Name:WorldDataLayers Label:WorldDataLayers SpatiallyLoaded:0 Bounds:IsValid=true, Min=(X=0.000 Y=0.000 Z=0.000), Max=(X=0.000 Y=0.000 Z=0.000) RuntimeGrid:None EditorOnly:0 RuntimeOnly:0 HLODRelevant:0
 |   |   |- [+] [ 48]
 |   |   |   |- Guid:1B0DFB0B4AA9BA46BE952CA45088EA67 BaseClass:/Game/Elementos/muros/NewBlueprint.NewBlueprint_C NativeClass:/Script/Engine.Actor Name:NewBlueprint_C_UAID_0015830CBFEBF71B02_1865712485 Label:NewBlueprint4 SpatiallyLoaded:1 Bounds:IsValid=true, Min=(X=2150.359 Y=43.494 Z=-100.000), Max=(X=2486.962 Y=526.506 Z=400.000) RuntimeGrid:None EditorOnly:0 RuntimeOnly:0 HLODRelevant:0
 |   |   |- [+] [ 49]
 |   |   |   |- Guid:1CE2A41747B0337E3125AEA00C1A8895 BaseClass: NativeClass:/Script/Engine.PostProcessVolume Name:PostProcessVolume_UAID_0015830CBFEB912202_1415713922 Label:PostProcessVolume2 SpatiallyLoaded:0 Bounds:IsValid=true, Min=(X=1320.000 Y=1710.000 Z=200.000), Max=(X=1520.000 Y=1910.000 Z=400.000) RuntimeGrid:None EditorOnly:0 RuntimeOnly:0 HLODRelevant:0
 |   |   |- [+] [ 50]
 |   |   |   |- Guid:EE5F89A840576B92BFA94BB89CDFBE92 BaseClass: NativeClass:/Script/Engine.StaticMeshActor Name:StaticMeshActor_UAID_3C7C3FBE881A281E02_1628117227 Label:PlataformaTorretas5 SpatiallyLoaded:1 Bounds:IsValid=true, Min=(X=367.500 Y=717.500 Z=24410.000), Max=(X=2692.500 Y=3042.500 Z=24410.000) RuntimeGrid:None EditorOnly:0 RuntimeOnly:0 HLODRelevant:1
 |   |   |- [+] [ 51]
 |   |   |   |- Guid:E7E51B264A0D8AF2C483AB9E72D52590 BaseClass:/Game/Elementos/hielo/hielo.hielo_C NativeClass:/Script/Engine.Actor Name:hielo_C_UAID_0015830CBFEBF51B02_1171333129 Label:hielo SpatiallyLoaded:1 Bounds:IsValid=true, Min=(X=1398.000 Y=2478.000 Z=418.000), Max=(X=2422.000 Y=3502.000 Z=482.000) RuntimeGrid:None EditorOnly:0 RuntimeOnly:0 HLODRelevant:0
 |   |   |- [+] [ 52]
 |   |   |   |- Guid:E9B52DB24BF49E7544353092361C91CF BaseClass: NativeClass:/Script/Engine.StaticMeshActor Name:StaticMeshActor_UAID_3C7C3FBE881A5E2002_1127166833 Label:PlataformaTorretas2 SpatiallyLoaded:1 Bounds:IsValid=true, Min=(X=367.500 Y=717.500 Z=10390.000), Max=(X=2692.500 Y=3042.500 Z=10390.000) RuntimeGrid:None EditorOnly:0 RuntimeOnly:0 HLODRelevant:1
 |   |   |- [+] [ 53]
 |   |   |   |- Guid:1E01FB8E4EE10E4121FCB6A959ADEC0E BaseClass: NativeClass:/Script/Engine.StaticMeshActor Name:StaticMeshActor_UAID_3C7C3FBE881AC31902_2115473216 Label:3_levels_connected_by_spiral_staircase3 SpatiallyLoaded:1 Bounds:IsValid=true, Min=(X=-1970.000 Y=-1620.820 Z=4410.000), Max=(X=5030.000 Y=5340.820 Z=6420.000) RuntimeGrid:None EditorOnly:0 RuntimeOnly:0 HLODRelevant:1
 |   |   |- [+] [ 54]
 |   |   |   |- Guid:B374D92744E46CA92C85CF85324BCD24 BaseClass: NativeClass:/Script/Engine.StaticMeshActor Name:StaticMeshActor_UAID_3C7C3FBE881AC31902_2035776215 Label:3_levels_connected_by_spiral_staircase2 SpatiallyLoaded:1 Bounds:IsValid=true, Min=(X=-1970.000 Y=-1620.820 Z=2410.000), Max=(X=5030.000 Y=5340.820 Z=4420.000) RuntimeGrid:None EditorOnly:0 RuntimeOnly:0 HLODRelevant:1
 |   |   |- [+] [ 55]
 |   |   |   |- Guid:7A1F104E4BE4DB4B6DA6DDBAEADBA46C BaseClass:/Game/FirstPerson/Blueprints/Dash.Dash_C NativeClass:/Script/Engine.Actor Name:Dash_C_UAID_18C04DAB57475E2B02_1121225452 Label:Dash SpatiallyLoaded:1 Bounds:IsValid=true, Min=(X=838.000 Y=3998.000 Z=4438.000), Max=(X=902.000 Y=4062.000 Z=4502.000) RuntimeGrid:None EditorOnly:0 RuntimeOnly:0 HLODRelevant:0
 |   |   |- [+] [ 56]
 |   |   |   |- Guid:037FC9654B4CB32CD8649F8ED7F60230 BaseClass: NativeClass:/Script/Engine.StaticMeshActor Name:StaticMeshActor_UAID_18C04DAB5747C52F02_1698337801 Label:Cube6 SpatiallyLoaded:1 Bounds:IsValid=true, Min=(X=-220.000 Y=3130.000 Z=420.000), Max=(X=-20.000 Y=3330.000 Z=520.000) RuntimeGrid:None EditorOnly:0 RuntimeOnly:0 HLODRelevant:1
 |   |   |- [+] [ 57]
 |   |   |   |- Guid:CE8D82634660FCDB3120E2B8D547C533 BaseClass: NativeClass:/Script/Engine.PostProcessVolume Name:PostProcessVolume_0 Label:PostProcessVolume SpatiallyLoaded:0 Bounds:IsValid=true, Min=(X=0.000 Y=530.000 Z=-1830.000), Max=(X=200.000 Y=730.000 Z=-1630.000) RuntimeGrid:None EditorOnly:0 RuntimeOnly:0 HLODRelevant:0 FolderPath:Lighting FolderGuid:0BA5F0A04EADB18E70D5B180D08FA34B
 |- ContainerInstances:
 |- [+] MainContainer:
 |   |-        ID: 0x0000000000000000
 |   |-    Bounds: IsValid=false, Min=(X=0.000 Y=0.000 Z=0.000), Max=(X=0.000 Y=0.000 Z=0.000)
 |   |- Transform: 0.000000,0.000000,0.000000|0.000000,0.000000,-0.000000|1.000000,1.000000,1.000000
 |   |- Container: /Game/FirstPerson/Maps/FirstPersonMap
----------------------------------------------------------------------------------------------------------------
FirstPersonMap - Persistent Level
----------------------------------------------------------------------------------------------------------------
Always loaded Actor Count: 65 

----------------------------------------------------------------------------------------------------------------
FirstPersonMap - Runtime Spatial Hash - Streaming Grid - MainGrid
----------------------------------------------------------------------------------------------------------------
            Origin: X=0.000 Y=0.000 Z=0.000
         Cell Size: 12800
      World Bounds: IsValid=false, Min=(X=0.000 Y=0.000 Z=0.000), Max=(X=0.000 Y=0.000 Z=0.000)
     Loading Range: 25600.00
Block Slow Loading: No
 ClientOnlyVisible: No

[+] Grid Levels: 1
 |- Level  0: Cell Count    0 | Cell Size   12800 | Actor Count    0 (0.0%)

[+] Content of Grid Level 0

